Roman
Kudlakov
1e6d961c3fff027f0a49badef63134d2
[7.4.2021 | 15:15:38] {"type":"cmd","data":"run"}
,[7.4.2021 | 15:15:39] {"client-id":"95fe72b3-c89d-48a4-9f2a-bc7316c8d360","gpioa":0,"gpiob":0,"gpioc":32768,"gpiod":16384,"gpioe":0,"modeltime":0,"type":"gpio"}
,[7.4.2021 | 15:15:39] {"client-id":"95fe72b3-c89d-48a4-9f2a-bc7316c8d360","gpioa":0,"gpiob":0,"gpioc":32768,"gpiod":16384,"gpioe":0,"modeltime":0,"type":"gpio"}
,[7.4.2021 | 15:15:39] {"client-id":"95fe72b3-c89d-48a4-9f2a-bc7316c8d360","gpioa":0,"gpiob":0,"gpioc":32768,"gpiod":16384,"gpioe":0,"modeltime":0,"type":"gpio"}
,[7.4.2021 | 15:15:39] {"client-id":"95fe72b3-c89d-48a4-9f2a-bc7316c8d360","gpioa":0,"gpiob":0,"gpioc":32768,"gpiod":16384,"gpioe":0,"modeltime":0,"type":"gpio"}
,[7.4.2021 | 15:15:39] {"client-id":"95fe72b3-c89d-48a4-9f2a-bc7316c8d360","gpioa":0,"gpiob":0,"gpioc":32768,"gpiod":16384,"gpioe":0,"modeltime":0,"type":"gpio"}
,[7.4.2021 | 15:15:39] {"client-id":"95fe72b3-c89d-48a4-9f2a-bc7316c8d360","gpioa":0,"gpiob":0,"gpioc":32768,"gpiod":16384,"gpioe":0,"modeltime":0,"type":"gpio"}
,[7.4.2021 | 15:15:39] {"client-id":"95fe72b3-c89d-48a4-9f2a-bc7316c8d360","gpioa":0,"gpiob":0,"gpioc":32768,"gpiod":16384,"gpioe":0,"modeltime":0,"type":"gpio"}
,[7.4.2021 | 15:15:39] {"client-id":"95fe72b3-c89d-48a4-9f2a-bc7316c8d360","gpioa":0,"gpiob":0,"gpioc":32768,"gpiod":16384,"gpioe":0,"modeltime":0,"type":"gpio"}
,[7.4.2021 | 15:15:40] {"client-id":"95fe72b3-c89d-48a4-9f2a-bc7316c8d360","gpioa":0,"gpiob":0,"gpioc":32768,"gpiod":16384,"gpioe":0,"modeltime":0,"type":"gpio"}
,[7.4.2021 | 15:15:40] {"client-id":"95fe72b3-c89d-48a4-9f2a-bc7316c8d360","gpioa":0,"gpiob":0,"gpioc":32768,"gpiod":16384,"gpioe":0,"modeltime":0,"type":"gpio"}
,[7.4.2021 | 15:15:40] {"client-id":"95fe72b3-c89d-48a4-9f2a-bc7316c8d360","gpioa":0,"gpiob":0,"gpioc":32768,"gpiod":16384,"gpioe":0,"modeltime":0,"type":"gpio"}
,[7.4.2021 | 15:15:40] {"client-id":"95fe72b3-c89d-48a4-9f2a-bc7316c8d360","gpioa":0,"gpiob":0,"gpioc":32768,"gpiod":16384,"gpioe":0,"modeltime":0,"type":"gpio"}
,[7.4.2021 | 15:15:40] {"client-id":"95fe72b3-c89d-48a4-9f2a-bc7316c8d360","gpioa":0,"gpiob":0,"gpioc":32768,"gpiod":16384,"gpioe":0,"modeltime":0,"type":"gpio"}
,[7.4.2021 | 15:15:40] {"client-id":"95fe72b3-c89d-48a4-9f2a-bc7316c8d360","gpioa":0,"gpiob":0,"gpioc":32768,"gpiod":16384,"gpioe":0,"modeltime":0,"type":"gpio"}
,[7.4.2021 | 15:15:40] {"client-id":"95fe72b3-c89d-48a4-9f2a-bc7316c8d360","gpioa":0,"gpiob":0,"gpioc":32768,"gpiod":16384,"gpioe":0,"modeltime":0,"type":"gpio"}
,[7.4.2021 | 15:15:40] {"client-id":"95fe72b3-c89d-48a4-9f2a-bc7316c8d360","gpioa":0,"gpiob":0,"gpioc":32768,"gpiod":16384,"gpioe":0,"modeltime":0,"type":"gpio"}
,[7.4.2021 | 15:15:40] {"client-id":"95fe72b3-c89d-48a4-9f2a-bc7316c8d360","gpioa":0,"gpiob":0,"gpioc":32768,"gpiod":16384,"gpioe":0,"modeltime":0,"type":"gpio"}
,[7.4.2021 | 15:15:41] {"client-id":"95fe72b3-c89d-48a4-9f2a-bc7316c8d360","gpioa":0,"gpiob":0,"gpioc":32768,"gpiod":16384,"gpioe":0,"modeltime":0,"type":"gpio"}
,[7.4.2021 | 15:15:41] {"client-id":"95fe72b3-c89d-48a4-9f2a-bc7316c8d360","gpioa":0,"gpiob":0,"gpioc":32768,"gpiod":16384,"gpioe":0,"modeltime":0,"type":"gpio"}
,[7.4.2021 | 15:15:41] {"client-id":"95fe72b3-c89d-48a4-9f2a-bc7316c8d360","gpioa":0,"gpiob":0,"gpioc":32768,"gpiod":16384,"gpioe":0,"modeltime":0,"type":"gpio"}
,[7.4.2021 | 15:15:41] {"client-id":"95fe72b3-c89d-48a4-9f2a-bc7316c8d360","gpioa":0,"gpiob":0,"gpioc":32768,"gpiod":16384,"gpioe":4096,"modeltime":0,"type":"gpio"}
,[7.4.2021 | 15:15:41] {"client-id":"95fe72b3-c89d-48a4-9f2a-bc7316c8d360","gpioa":0,"gpiob":0,"gpioc":32768,"gpiod":16384,"gpioe":4096,"modeltime":0,"type":"gpio"}
,[7.4.2021 | 15:15:41] {"client-id":"95fe72b3-c89d-48a4-9f2a-bc7316c8d360","gpioa":0,"gpiob":0,"gpioc":32768,"gpiod":16384,"gpioe":4096,"modeltime":0,"type":"gpio"}
,[7.4.2021 | 15:15:41] {"client-id":"95fe72b3-c89d-48a4-9f2a-bc7316c8d360","gpioa":0,"gpiob":0,"gpioc":32768,"gpiod":16384,"gpioe":4096,"modeltime":0,"type":"gpio"}
,[7.4.2021 | 15:15:41] {"client-id":"95fe72b3-c89d-48a4-9f2a-bc7316c8d360","gpioa":0,"gpiob":0,"gpioc":32768,"gpiod":20480,"gpioe":4096,"modeltime":0,"type":"gpio"}
,[7.4.2021 | 15:15:41] {"client-id":"95fe72b3-c89d-48a4-9f2a-bc7316c8d360","gpioa":0,"gpiob":0,"gpioc":32768,"gpiod":20480,"gpioe":4096,"modeltime":0,"type":"gpio"}
,[7.4.2021 | 15:15:41] {"client-id":"95fe72b3-c89d-48a4-9f2a-bc7316c8d360","gpioa":0,"gpiob":0,"gpioc":32768,"gpiod":20480,"gpioe":4096,"modeltime":0,"type":"gpio"}
,[7.4.2021 | 15:15:41] {"client-id":"95fe72b3-c89d-48a4-9f2a-bc7316c8d360","gpioa":0,"gpiob":0,"gpioc":32768,"gpiod":20480,"gpioe":4096,"modeltime":0,"type":"gpio"}
,[7.4.2021 | 15:15:42] {"client-id":"95fe72b3-c89d-48a4-9f2a-bc7316c8d360","gpioa":0,"gpiob":0,"gpioc":32768,"gpiod":20480,"gpioe":4096,"modeltime":0,"type":"gpio"}
,[7.4.2021 | 15:15:42] {"client-id":"95fe72b3-c89d-48a4-9f2a-bc7316c8d360","gpioa":0,"gpiob":0,"gpioc":32768,"gpiod":20480,"gpioe":4096,"modeltime":0,"type":"gpio"}
,[7.4.2021 | 15:15:42] {"client-id":"95fe72b3-c89d-48a4-9f2a-bc7316c8d360","gpioa":0,"gpiob":0,"gpioc":32768,"gpiod":20480,"gpioe":4096,"modeltime":0,"type":"gpio"}
,[7.4.2021 | 15:15:42] {"client-id":"95fe72b3-c89d-48a4-9f2a-bc7316c8d360","gpioa":0,"gpiob":0,"gpioc":32768,"gpiod":20480,"gpioe":4096,"modeltime":0,"type":"gpio"}
,[7.4.2021 | 15:15:42] {"client-id":"95fe72b3-c89d-48a4-9f2a-bc7316c8d360","gpioa":0,"gpiob":0,"gpioc":32768,"gpiod":20480,"gpioe":4096,"modeltime":0,"type":"gpio"}
,[7.4.2021 | 15:15:42] {"client-id":"95fe72b3-c89d-48a4-9f2a-bc7316c8d360","gpioa":0,"gpiob":0,"gpioc":32768,"gpiod":20480,"gpioe":4352,"modeltime":0,"type":"gpio"}
,[7.4.2021 | 15:15:42] {"client-id":"95fe72b3-c89d-48a4-9f2a-bc7316c8d360","gpioa":0,"gpiob":0,"gpioc":32768,"gpiod":20992,"gpioe":4352,"modeltime":0,"type":"gpio"}
,[7.4.2021 | 15:15:42] {"client-id":"95fe72b3-c89d-48a4-9f2a-bc7316c8d360","gpioa":0,"gpiob":0,"gpioc":32768,"gpiod":20992,"gpioe":4352,"modeltime":0,"type":"gpio"}
,[7.4.2021 | 15:15:42] {"client-id":"95fe72b3-c89d-48a4-9f2a-bc7316c8d360","gpioa":0,"gpiob":0,"gpioc":32768,"gpiod":20992,"gpioe":4352,"modeltime":0,"type":"gpio"}
,[7.4.2021 | 15:15:43] {"client-id":"95fe72b3-c89d-48a4-9f2a-bc7316c8d360","gpioa":0,"gpiob":0,"gpioc":32768,"gpiod":20992,"gpioe":4352,"modeltime":0,"type":"gpio"}
,[7.4.2021 | 15:15:43] {"client-id":"95fe72b3-c89d-48a4-9f2a-bc7316c8d360","gpioa":0,"gpiob":0,"gpioc":32768,"gpiod":20992,"gpioe":4352,"modeltime":0,"type":"gpio"}
,[7.4.2021 | 15:15:43] {"client-id":"95fe72b3-c89d-48a4-9f2a-bc7316c8d360","gpioa":0,"gpiob":0,"gpioc":32768,"gpiod":20992,"gpioe":4352,"modeltime":0,"type":"gpio"}
,[7.4.2021 | 15:15:43] {"client-id":"95fe72b3-c89d-48a4-9f2a-bc7316c8d360","gpioa":0,"gpiob":0,"gpioc":32768,"gpiod":20992,"gpioe":4352,"modeltime":0,"type":"gpio"}
,[7.4.2021 | 15:15:43] {"client-id":"95fe72b3-c89d-48a4-9f2a-bc7316c8d360","gpioa":0,"gpiob":0,"gpioc":32768,"gpiod":20992,"gpioe":4352,"modeltime":0,"type":"gpio"}
,[7.4.2021 | 15:15:43] {"client-id":"95fe72b3-c89d-48a4-9f2a-bc7316c8d360","gpioa":0,"gpiob":0,"gpioc":32768,"gpiod":20992,"gpioe":4368,"modeltime":0,"type":"gpio"}
,[7.4.2021 | 15:15:43] {"client-id":"95fe72b3-c89d-48a4-9f2a-bc7316c8d360","gpioa":0,"gpiob":0,"gpioc":32768,"gpiod":20992,"gpioe":4368,"modeltime":0,"type":"gpio"}
,[7.4.2021 | 15:15:43] {"client-id":"95fe72b3-c89d-48a4-9f2a-bc7316c8d360","gpioa":0,"gpiob":0,"gpioc":32768,"gpiod":21248,"gpioe":4368,"modeltime":0,"type":"gpio"}
,[7.4.2021 | 15:15:43] {"client-id":"95fe72b3-c89d-48a4-9f2a-bc7316c8d360","gpioa":0,"gpiob":0,"gpioc":32768,"gpiod":21248,"gpioe":4368,"modeltime":0,"type":"gpio"}
,[7.4.2021 | 15:15:43] {"client-id":"95fe72b3-c89d-48a4-9f2a-bc7316c8d360","gpioa":0,"gpiob":0,"gpioc":32768,"gpiod":21248,"gpioe":4368,"modeltime":0,"type":"gpio"}
,[7.4.2021 | 15:15:44] {"client-id":"95fe72b3-c89d-48a4-9f2a-bc7316c8d360","gpioa":0,"gpiob":0,"gpioc":32768,"gpiod":21248,"gpioe":4368,"modeltime":0,"type":"gpio"}
,[7.4.2021 | 15:15:44] {"client-id":"95fe72b3-c89d-48a4-9f2a-bc7316c8d360","gpioa":0,"gpiob":0,"gpioc":32768,"gpiod":21248,"gpioe":4368,"modeltime":0,"type":"gpio"}
,[7.4.2021 | 15:15:44] {"client-id":"95fe72b3-c89d-48a4-9f2a-bc7316c8d360","gpioa":0,"gpiob":0,"gpioc":32768,"gpiod":21248,"gpioe":4368,"modeltime":0,"type":"gpio"}
,[7.4.2021 | 15:15:44] {"client-id":"95fe72b3-c89d-48a4-9f2a-bc7316c8d360","gpioa":0,"gpiob":0,"gpioc":32768,"gpiod":21248,"gpioe":4368,"modeltime":0,"type":"gpio"}
,[7.4.2021 | 15:15:44] {"client-id":"95fe72b3-c89d-48a4-9f2a-bc7316c8d360","gpioa":0,"gpiob":0,"gpioc":32768,"gpiod":21248,"gpioe":4368,"modeltime":0,"type":"gpio"}
,[7.4.2021 | 15:15:44] {"client-id":"95fe72b3-c89d-48a4-9f2a-bc7316c8d360","gpioa":0,"gpiob":0,"gpioc":32768,"gpiod":21248,"gpioe":4368,"modeltime":0,"type":"gpio"}
,[7.4.2021 | 15:15:44] {"client-id":"95fe72b3-c89d-48a4-9f2a-bc7316c8d360","gpioa":0,"gpiob":0,"gpioc":32768,"gpiod":21248,"gpioe":4368,"modeltime":0,"type":"gpio"}
,[7.4.2021 | 15:15:44] {"client-id":"95fe72b3-c89d-48a4-9f2a-bc7316c8d360","gpioa":0,"gpiob":0,"gpioc":32768,"gpiod":21248,"gpioe":4368,"modeltime":0,"type":"gpio"}
,[7.4.2021 | 15:15:44] {"client-id":"95fe72b3-c89d-48a4-9f2a-bc7316c8d360","gpioa":0,"gpiob":0,"gpioc":32768,"gpiod":21248,"gpioe":4368,"modeltime":0,"type":"gpio"}
,[7.4.2021 | 15:15:45] {"client-id":"95fe72b3-c89d-48a4-9f2a-bc7316c8d360","gpioa":0,"gpiob":0,"gpioc":32768,"gpiod":21248,"gpioe":4368,"modeltime":0,"type":"gpio"}
,[7.4.2021 | 15:15:45] {"client-id":"95fe72b3-c89d-48a4-9f2a-bc7316c8d360","gpioa":0,"gpiob":0,"gpioc":32768,"gpiod":21248,"gpioe":4368,"modeltime":0,"type":"gpio"}
,[7.4.2021 | 15:15:45] {"client-id":"95fe72b3-c89d-48a4-9f2a-bc7316c8d360","gpioa":0,"gpiob":0,"gpioc":32768,"gpiod":21248,"gpioe":5392,"modeltime":0,"type":"gpio"}
,[7.4.2021 | 15:15:45] {"client-id":"95fe72b3-c89d-48a4-9f2a-bc7316c8d360","gpioa":0,"gpiob":0,"gpioc":32768,"gpiod":23296,"gpioe":5392,"modeltime":0,"type":"gpio"}
,[7.4.2021 | 15:15:45] {"client-id":"95fe72b3-c89d-48a4-9f2a-bc7316c8d360","gpioa":0,"gpiob":0,"gpioc":32768,"gpiod":23296,"gpioe":5392,"modeltime":0,"type":"gpio"}
,[7.4.2021 | 15:15:45] {"client-id":"95fe72b3-c89d-48a4-9f2a-bc7316c8d360","gpioa":0,"gpiob":0,"gpioc":32768,"gpiod":23296,"gpioe":5392,"modeltime":0,"type":"gpio"}
,[7.4.2021 | 15:15:45] {"client-id":"95fe72b3-c89d-48a4-9f2a-bc7316c8d360","gpioa":0,"gpiob":0,"gpioc":32768,"gpiod":23296,"gpioe":5392,"modeltime":0,"type":"gpio"}
,[7.4.2021 | 15:15:45] {"client-id":"95fe72b3-c89d-48a4-9f2a-bc7316c8d360","gpioa":0,"gpiob":0,"gpioc":32768,"gpiod":23296,"gpioe":5392,"modeltime":0,"type":"gpio"}
,[7.4.2021 | 15:15:45] {"client-id":"95fe72b3-c89d-48a4-9f2a-bc7316c8d360","gpioa":0,"gpiob":0,"gpioc":32768,"gpiod":23296,"gpioe":5392,"modeltime":0,"type":"gpio"}
,[7.4.2021 | 15:15:45] {"client-id":"95fe72b3-c89d-48a4-9f2a-bc7316c8d360","gpioa":0,"gpiob":0,"gpioc":32768,"gpiod":23296,"gpioe":5392,"modeltime":0,"type":"gpio"}
,[7.4.2021 | 15:15:46] {"client-id":"95fe72b3-c89d-48a4-9f2a-bc7316c8d360","gpioa":0,"gpiob":0,"gpioc":32768,"gpiod":23296,"gpioe":5392,"modeltime":0,"type":"gpio"}
,[7.4.2021 | 15:15:46] {"client-id":"95fe72b3-c89d-48a4-9f2a-bc7316c8d360","gpioa":0,"gpiob":0,"gpioc":32768,"gpiod":23296,"gpioe":5392,"modeltime":0,"type":"gpio"}
,[7.4.2021 | 15:15:46] {"client-id":"95fe72b3-c89d-48a4-9f2a-bc7316c8d360","gpioa":0,"gpiob":0,"gpioc":32768,"gpiod":23296,"gpioe":5392,"modeltime":0,"type":"gpio"}
,[7.4.2021 | 15:15:46] {"client-id":"95fe72b3-c89d-48a4-9f2a-bc7316c8d360","gpioa":0,"gpiob":0,"gpioc":32768,"gpiod":19200,"gpioe":1296,"modeltime":0,"type":"gpio"}
,[7.4.2021 | 15:15:46] {"client-id":"95fe72b3-c89d-48a4-9f2a-bc7316c8d360","gpioa":0,"gpiob":0,"gpioc":32768,"gpiod":19200,"gpioe":1296,"modeltime":0,"type":"gpio"}
,[7.4.2021 | 15:15:46] {"client-id":"95fe72b3-c89d-48a4-9f2a-bc7316c8d360","gpioa":0,"gpiob":0,"gpioc":32768,"gpiod":19200,"gpioe":1296,"modeltime":0,"type":"gpio"}
,[7.4.2021 | 15:15:46] {"client-id":"95fe72b3-c89d-48a4-9f2a-bc7316c8d360","gpioa":0,"gpiob":0,"gpioc":32768,"gpiod":19200,"gpioe":1296,"modeltime":0,"type":"gpio"}
,[7.4.2021 | 15:15:46] {"client-id":"95fe72b3-c89d-48a4-9f2a-bc7316c8d360","gpioa":0,"gpiob":0,"gpioc":32768,"gpiod":19200,"gpioe":1296,"modeltime":0,"type":"gpio"}
,[7.4.2021 | 15:15:46] {"client-id":"95fe72b3-c89d-48a4-9f2a-bc7316c8d360","gpioa":0,"gpiob":0,"gpioc":32768,"gpiod":19200,"gpioe":1296,"modeltime":0,"type":"gpio"}
,[7.4.2021 | 15:15:47] {"client-id":"95fe72b3-c89d-48a4-9f2a-bc7316c8d360","gpioa":0,"gpiob":0,"gpioc":32768,"gpiod":19200,"gpioe":1296,"modeltime":0,"type":"gpio"}
,[7.4.2021 | 15:15:47] {"client-id":"95fe72b3-c89d-48a4-9f2a-bc7316c8d360","gpioa":0,"gpiob":0,"gpioc":32768,"gpiod":19200,"gpioe":1296,"modeltime":0,"type":"gpio"}
,[7.4.2021 | 15:15:47] {"client-id":"95fe72b3-c89d-48a4-9f2a-bc7316c8d360","gpioa":0,"gpiob":0,"gpioc":32768,"gpiod":19200,"gpioe":1296,"modeltime":0,"type":"gpio"}
,[7.4.2021 | 15:15:47] {"client-id":"95fe72b3-c89d-48a4-9f2a-bc7316c8d360","gpioa":0,"gpiob":0,"gpioc":32768,"gpiod":19200,"gpioe":1296,"modeltime":0,"type":"gpio"}
,[7.4.2021 | 15:15:47] {"client-id":"95fe72b3-c89d-48a4-9f2a-bc7316c8d360","gpioa":0,"gpiob":0,"gpioc":32768,"gpiod":19200,"gpioe":1296,"modeltime":0,"type":"gpio"}
,[7.4.2021 | 15:15:47] {"client-id":"95fe72b3-c89d-48a4-9f2a-bc7316c8d360","gpioa":0,"gpiob":0,"gpioc":32768,"gpiod":19200,"gpioe":1040,"modeltime":0,"type":"gpio"}
,[7.4.2021 | 15:15:47] {"client-id":"95fe72b3-c89d-48a4-9f2a-bc7316c8d360","gpioa":0,"gpiob":0,"gpioc":32768,"gpiod":19200,"gpioe":1040,"modeltime":0,"type":"gpio"}
,[7.4.2021 | 15:15:47] {"client-id":"95fe72b3-c89d-48a4-9f2a-bc7316c8d360","gpioa":0,"gpiob":0,"gpioc":32768,"gpiod":19200,"gpioe":1040,"modeltime":0,"type":"gpio"}
,[7.4.2021 | 15:15:47] {"client-id":"95fe72b3-c89d-48a4-9f2a-bc7316c8d360","gpioa":0,"gpiob":0,"gpioc":32768,"gpiod":19200,"gpioe":1040,"modeltime":0,"type":"gpio"}
,[7.4.2021 | 15:15:47] {"client-id":"95fe72b3-c89d-48a4-9f2a-bc7316c8d360","gpioa":0,"gpiob":0,"gpioc":32768,"gpiod":18688,"gpioe":1040,"modeltime":0,"type":"gpio"}
,[7.4.2021 | 15:15:48] {"client-id":"95fe72b3-c89d-48a4-9f2a-bc7316c8d360","gpioa":0,"gpiob":0,"gpioc":32768,"gpiod":18688,"gpioe":1040,"modeltime":0,"type":"gpio"}
,[7.4.2021 | 15:15:48] {"client-id":"95fe72b3-c89d-48a4-9f2a-bc7316c8d360","gpioa":0,"gpiob":0,"gpioc":32768,"gpiod":18688,"gpioe":1040,"modeltime":0,"type":"gpio"}
,[7.4.2021 | 15:15:48] {"client-id":"95fe72b3-c89d-48a4-9f2a-bc7316c8d360","gpioa":0,"gpiob":0,"gpioc":32768,"gpiod":18688,"gpioe":1040,"modeltime":0,"type":"gpio"}
,[7.4.2021 | 15:15:48] {"client-id":"95fe72b3-c89d-48a4-9f2a-bc7316c8d360","gpioa":0,"gpiob":0,"gpioc":32768,"gpiod":18688,"gpioe":1040,"modeltime":0,"type":"gpio"}
,[7.4.2021 | 15:15:48] {"client-id":"95fe72b3-c89d-48a4-9f2a-bc7316c8d360","gpioa":0,"gpiob":0,"gpioc":32768,"gpiod":18688,"gpioe":1040,"modeltime":0,"type":"gpio"}
,[7.4.2021 | 15:15:48] {"client-id":"95fe72b3-c89d-48a4-9f2a-bc7316c8d360","gpioa":0,"gpiob":0,"gpioc":32768,"gpiod":18688,"gpioe":1040,"modeltime":0,"type":"gpio"}
,[7.4.2021 | 15:15:48] {"client-id":"95fe72b3-c89d-48a4-9f2a-bc7316c8d360","gpioa":0,"gpiob":0,"gpioc":32768,"gpiod":18688,"gpioe":1040,"modeltime":0,"type":"gpio"}
,[7.4.2021 | 15:15:48] {"client-id":"95fe72b3-c89d-48a4-9f2a-bc7316c8d360","gpioa":0,"gpiob":0,"gpioc":32768,"gpiod":18688,"gpioe":1040,"modeltime":0,"type":"gpio"}
,[7.4.2021 | 15:15:48] {"client-id":"95fe72b3-c89d-48a4-9f2a-bc7316c8d360","gpioa":0,"gpiob":0,"gpioc":32768,"gpiod":18688,"gpioe":1040,"modeltime":0,"type":"gpio"}
,[7.4.2021 | 15:15:49] {"client-id":"95fe72b3-c89d-48a4-9f2a-bc7316c8d360","gpioa":0,"gpiob":0,"gpioc":32768,"gpiod":18688,"gpioe":1296,"modeltime":0,"type":"gpio"}
,[7.4.2021 | 15:15:49] {"client-id":"95fe72b3-c89d-48a4-9f2a-bc7316c8d360","gpioa":0,"gpiob":0,"gpioc":32768,"gpiod":18688,"gpioe":1296,"modeltime":0,"type":"gpio"}
,[7.4.2021 | 15:15:49] {"client-id":"95fe72b3-c89d-48a4-9f2a-bc7316c8d360","gpioa":0,"gpiob":0,"gpioc":32768,"gpiod":18688,"gpioe":1296,"modeltime":0,"type":"gpio"}
,[7.4.2021 | 15:15:49] {"client-id":"95fe72b3-c89d-48a4-9f2a-bc7316c8d360","gpioa":0,"gpiob":0,"gpioc":32768,"gpiod":18688,"gpioe":1296,"modeltime":0,"type":"gpio"}
,[7.4.2021 | 15:15:49] {"client-id":"95fe72b3-c89d-48a4-9f2a-bc7316c8d360","gpioa":0,"gpiob":0,"gpioc":32768,"gpiod":18688,"gpioe":1296,"modeltime":0,"type":"gpio"}
,[7.4.2021 | 15:15:49] {"client-id":"95fe72b3-c89d-48a4-9f2a-bc7316c8d360","gpioa":0,"gpiob":0,"gpioc":32768,"gpiod":19200,"gpioe":1296,"modeltime":0,"type":"gpio"}
,[7.4.2021 | 15:15:49] {"client-id":"95fe72b3-c89d-48a4-9f2a-bc7316c8d360","gpioa":0,"gpiob":0,"gpioc":32768,"gpiod":19200,"gpioe":1296,"modeltime":0,"type":"gpio"}
,[7.4.2021 | 15:15:49] {"client-id":"95fe72b3-c89d-48a4-9f2a-bc7316c8d360","gpioa":0,"gpiob":0,"gpioc":32768,"gpiod":19200,"gpioe":1296,"modeltime":0,"type":"gpio"}
,[7.4.2021 | 15:15:49] {"client-id":"95fe72b3-c89d-48a4-9f2a-bc7316c8d360","gpioa":0,"gpiob":0,"gpioc":32768,"gpiod":19200,"gpioe":1296,"modeltime":0,"type":"gpio"}
,[7.4.2021 | 15:15:49] {"client-id":"95fe72b3-c89d-48a4-9f2a-bc7316c8d360","gpioa":0,"gpiob":0,"gpioc":32768,"gpiod":19200,"gpioe":5392,"modeltime":0,"type":"gpio"}
,[7.4.2021 | 15:15:49] {"client-id":"95fe72b3-c89d-48a4-9f2a-bc7316c8d360","gpioa":0,"gpiob":0,"gpioc":32768,"gpiod":23296,"gpioe":5392,"modeltime":0,"type":"gpio"}
,[7.4.2021 | 15:15:50] {"client-id":"95fe72b3-c89d-48a4-9f2a-bc7316c8d360","gpioa":0,"gpiob":0,"gpioc":32768,"gpiod":23296,"gpioe":5392,"modeltime":0,"type":"gpio"}
,[7.4.2021 | 15:15:50] {"client-id":"95fe72b3-c89d-48a4-9f2a-bc7316c8d360","gpioa":0,"gpiob":0,"gpioc":32768,"gpiod":23296,"gpioe":5392,"modeltime":0,"type":"gpio"}
,[7.4.2021 | 15:15:50] {"client-id":"95fe72b3-c89d-48a4-9f2a-bc7316c8d360","gpioa":0,"gpiob":0,"gpioc":32768,"gpiod":23296,"gpioe":5392,"modeltime":0,"type":"gpio"}
,[7.4.2021 | 15:15:50] {"client-id":"95fe72b3-c89d-48a4-9f2a-bc7316c8d360","gpioa":0,"gpiob":0,"gpioc":32768,"gpiod":23296,"gpioe":5392,"modeltime":0,"type":"gpio"}
,[7.4.2021 | 15:15:50] {"client-id":"95fe72b3-c89d-48a4-9f2a-bc7316c8d360","gpioa":0,"gpiob":0,"gpioc":32768,"gpiod":23296,"gpioe":5392,"modeltime":0,"type":"gpio"}
,[7.4.2021 | 15:15:50] {"client-id":"95fe72b3-c89d-48a4-9f2a-bc7316c8d360","gpioa":0,"gpiob":0,"gpioc":32768,"gpiod":23296,"gpioe":5392,"modeltime":0,"type":"gpio"}
,[7.4.2021 | 15:15:50] {"client-id":"95fe72b3-c89d-48a4-9f2a-bc7316c8d360","gpioa":0,"gpiob":0,"gpioc":32768,"gpiod":23296,"gpioe":5392,"modeltime":0,"type":"gpio"}
,[7.4.2021 | 15:15:50] {"client-id":"95fe72b3-c89d-48a4-9f2a-bc7316c8d360","gpioa":0,"gpiob":0,"gpioc":32768,"gpiod":23296,"gpioe":5392,"modeltime":0,"type":"gpio"}
,[7.4.2021 | 15:15:50] {"client-id":"95fe72b3-c89d-48a4-9f2a-bc7316c8d360","gpioa":0,"gpiob":0,"gpioc":32768,"gpiod":23296,"gpioe":5392,"modeltime":0,"type":"gpio"}
,[7.4.2021 | 15:15:50] {"client-id":"95fe72b3-c89d-48a4-9f2a-bc7316c8d360","gpioa":0,"gpiob":0,"gpioc":32768,"gpiod":23296,"gpioe":5376,"modeltime":0,"type":"gpio"}
,[7.4.2021 | 15:15:51] {"client-id":"95fe72b3-c89d-48a4-9f2a-bc7316c8d360","gpioa":0,"gpiob":0,"gpioc":32768,"gpiod":23296,"gpioe":5376,"modeltime":0,"type":"gpio"}
,[7.4.2021 | 15:15:51] {"client-id":"95fe72b3-c89d-48a4-9f2a-bc7316c8d360","gpioa":0,"gpiob":0,"gpioc":32768,"gpiod":23296,"gpioe":5376,"modeltime":0,"type":"gpio"}
,[7.4.2021 | 15:15:51] {"client-id":"95fe72b3-c89d-48a4-9f2a-bc7316c8d360","gpioa":0,"gpiob":0,"gpioc":32768,"gpiod":23296,"gpioe":5376,"modeltime":0,"type":"gpio"}
,[7.4.2021 | 15:15:51] {"client-id":"95fe72b3-c89d-48a4-9f2a-bc7316c8d360","gpioa":0,"gpiob":0,"gpioc":32768,"gpiod":23296,"gpioe":5376,"modeltime":0,"type":"gpio"}
,[7.4.2021 | 15:15:51] {"client-id":"95fe72b3-c89d-48a4-9f2a-bc7316c8d360","gpioa":0,"gpiob":0,"gpioc":32768,"gpiod":12296,"gpioe":5376,"modeltime":0,"type":"gpio"}
,[7.4.2021 | 15:15:51] {"client-id":"95fe72b3-c89d-48a4-9f2a-bc7316c8d360","gpioa":0,"gpiob":0,"gpioc":32768,"gpiod":12296,"gpioe":5376,"modeltime":0,"type":"gpio"}
,[7.4.2021 | 15:15:51] {"client-id":"95fe72b3-c89d-48a4-9f2a-bc7316c8d360","gpioa":0,"gpiob":0,"gpioc":32768,"gpiod":12296,"gpioe":5376,"modeltime":0,"type":"gpio"}
,[7.4.2021 | 15:15:51] {"client-id":"95fe72b3-c89d-48a4-9f2a-bc7316c8d360","gpioa":0,"gpiob":0,"gpioc":32768,"gpiod":12296,"gpioe":5376,"modeltime":0,"type":"gpio"}
,[7.4.2021 | 15:15:51] {"client-id":"95fe72b3-c89d-48a4-9f2a-bc7316c8d360","gpioa":0,"gpiob":0,"gpioc":32768,"gpiod":12296,"gpioe":5376,"modeltime":0,"type":"gpio"}
,[7.4.2021 | 15:15:51] {"client-id":"95fe72b3-c89d-48a4-9f2a-bc7316c8d360","gpioa":0,"gpiob":0,"gpioc":32768,"gpiod":14360,"gpioe":5376,"modeltime":0,"type":"gpio"}
,[7.4.2021 | 15:15:52] {"client-id":"95fe72b3-c89d-48a4-9f2a-bc7316c8d360","gpioa":0,"gpiob":0,"gpioc":32768,"gpiod":14360,"gpioe":5376,"modeltime":0,"type":"gpio"}
,[7.4.2021 | 15:15:52] {"client-id":"95fe72b3-c89d-48a4-9f2a-bc7316c8d360","gpioa":0,"gpiob":0,"gpioc":32768,"gpiod":14360,"gpioe":5376,"modeltime":0,"type":"gpio"}
,[7.4.2021 | 15:15:52] {"client-id":"95fe72b3-c89d-48a4-9f2a-bc7316c8d360","gpioa":0,"gpiob":0,"gpioc":32768,"gpiod":14360,"gpioe":5376,"modeltime":0,"type":"gpio"}
,[7.4.2021 | 15:15:52] {"client-id":"95fe72b3-c89d-48a4-9f2a-bc7316c8d360","gpioa":0,"gpiob":0,"gpioc":32768,"gpiod":14360,"gpioe":5376,"modeltime":0,"type":"gpio"}
,[7.4.2021 | 15:15:52] {"client-id":"95fe72b3-c89d-48a4-9f2a-bc7316c8d360","gpioa":0,"gpiob":0,"gpioc":32768,"gpiod":14904,"gpioe":5376,"modeltime":0,"type":"gpio"}
,[7.4.2021 | 15:15:52] {"client-id":"95fe72b3-c89d-48a4-9f2a-bc7316c8d360","gpioa":0,"gpiob":0,"gpioc":32768,"gpiod":14904,"gpioe":5376,"modeltime":0,"type":"gpio"}
,[7.4.2021 | 15:15:52] {"client-id":"95fe72b3-c89d-48a4-9f2a-bc7316c8d360","gpioa":0,"gpiob":0,"gpioc":32768,"gpiod":14904,"gpioe":5376,"modeltime":0,"type":"gpio"}
,[7.4.2021 | 15:15:52] {"client-id":"95fe72b3-c89d-48a4-9f2a-bc7316c8d360","gpioa":0,"gpiob":0,"gpioc":32768,"gpiod":14904,"gpioe":5376,"modeltime":0,"type":"gpio"}
,[7.4.2021 | 15:15:52] {"client-id":"95fe72b3-c89d-48a4-9f2a-bc7316c8d360","gpioa":0,"gpiob":0,"gpioc":32768,"gpiod":14904,"gpioe":5376,"modeltime":0,"type":"gpio"}
,[7.4.2021 | 15:15:53] {"client-id":"95fe72b3-c89d-48a4-9f2a-bc7316c8d360","gpioa":0,"gpiob":0,"gpioc":32768,"gpiod":15224,"gpioe":5376,"modeltime":0,"type":"gpio"}
,[7.4.2021 | 15:15:53] {"client-id":"95fe72b3-c89d-48a4-9f2a-bc7316c8d360","gpioa":0,"gpiob":0,"gpioc":32768,"gpiod":15224,"gpioe":5376,"modeltime":0,"type":"gpio"}
,[7.4.2021 | 15:15:53] {"client-id":"95fe72b3-c89d-48a4-9f2a-bc7316c8d360","gpioa":0,"gpiob":0,"gpioc":32768,"gpiod":15224,"gpioe":5376,"modeltime":0,"type":"gpio"}
,[7.4.2021 | 15:15:53] {"client-id":"95fe72b3-c89d-48a4-9f2a-bc7316c8d360","gpioa":0,"gpiob":0,"gpioc":32768,"gpiod":15224,"gpioe":5376,"modeltime":0,"type":"gpio"}
,[7.4.2021 | 15:15:53] {"client-id":"95fe72b3-c89d-48a4-9f2a-bc7316c8d360","gpioa":0,"gpiob":0,"gpioc":32768,"gpiod":15224,"gpioe":5376,"modeltime":0,"type":"gpio"}
,[7.4.2021 | 15:15:53] {"client-id":"95fe72b3-c89d-48a4-9f2a-bc7316c8d360","gpioa":0,"gpiob":0,"gpioc":32768,"gpiod":14904,"gpioe":5376,"modeltime":0,"type":"gpio"}
,[7.4.2021 | 15:15:53] {"client-id":"95fe72b3-c89d-48a4-9f2a-bc7316c8d360","gpioa":0,"gpiob":0,"gpioc":32768,"gpiod":14904,"gpioe":5376,"modeltime":0,"type":"gpio"}
,[7.4.2021 | 15:15:53] {"client-id":"95fe72b3-c89d-48a4-9f2a-bc7316c8d360","gpioa":0,"gpiob":0,"gpioc":32768,"gpiod":14904,"gpioe":5376,"modeltime":0,"type":"gpio"}
,[7.4.2021 | 15:15:53] {"client-id":"95fe72b3-c89d-48a4-9f2a-bc7316c8d360","gpioa":0,"gpiob":0,"gpioc":32768,"gpiod":14904,"gpioe":5376,"modeltime":0,"type":"gpio"}
,[7.4.2021 | 15:15:53] {"client-id":"95fe72b3-c89d-48a4-9f2a-bc7316c8d360","gpioa":0,"gpiob":0,"gpioc":32768,"gpiod":14904,"gpioe":5376,"modeltime":0,"type":"gpio"}
,[7.4.2021 | 15:15:54] {"client-id":"95fe72b3-c89d-48a4-9f2a-bc7316c8d360","gpioa":0,"gpiob":0,"gpioc":0,"gpiod":14360,"gpioe":5376,"modeltime":0,"type":"gpio"}
,[7.4.2021 | 15:15:54] {"client-id":"95fe72b3-c89d-48a4-9f2a-bc7316c8d360","gpioa":0,"gpiob":0,"gpioc":0,"gpiod":14360,"gpioe":5376,"modeltime":0,"type":"gpio"}
,[7.4.2021 | 15:15:54] {"client-id":"95fe72b3-c89d-48a4-9f2a-bc7316c8d360","gpioa":0,"gpiob":0,"gpioc":0,"gpiod":14360,"gpioe":5376,"modeltime":0,"type":"gpio"}
,[7.4.2021 | 15:15:54] {"client-id":"95fe72b3-c89d-48a4-9f2a-bc7316c8d360","gpioa":0,"gpiob":0,"gpioc":0,"gpiod":14360,"gpioe":5376,"modeltime":0,"type":"gpio"}
,[7.4.2021 | 15:15:54] {"client-id":"95fe72b3-c89d-48a4-9f2a-bc7316c8d360","gpioa":0,"gpiob":0,"gpioc":0,"gpiod":14360,"gpioe":5376,"modeltime":0,"type":"gpio"}
,[7.4.2021 | 15:15:54] {"client-id":"95fe72b3-c89d-48a4-9f2a-bc7316c8d360","gpioa":0,"gpiob":0,"gpioc":32768,"gpiod":38936,"gpioe":5376,"modeltime":0,"type":"gpio"}
,[7.4.2021 | 15:15:54] {"client-id":"95fe72b3-c89d-48a4-9f2a-bc7316c8d360","gpioa":0,"gpiob":0,"gpioc":32768,"gpiod":38936,"gpioe":5376,"modeltime":0,"type":"gpio"}
,[7.4.2021 | 15:15:54] {"client-id":"95fe72b3-c89d-48a4-9f2a-bc7316c8d360","gpioa":0,"gpiob":0,"gpioc":32768,"gpiod":38936,"gpioe":5376,"modeltime":0,"type":"gpio"}
,[7.4.2021 | 15:15:54] {"client-id":"95fe72b3-c89d-48a4-9f2a-bc7316c8d360","gpioa":0,"gpiob":0,"gpioc":32768,"gpiod":38936,"gpioe":5376,"modeltime":0,"type":"gpio"}
,[7.4.2021 | 15:15:55] {"client-id":"95fe72b3-c89d-48a4-9f2a-bc7316c8d360","gpioa":0,"gpiob":0,"gpioc":32768,"gpiod":38936,"gpioe":5376,"modeltime":0,"type":"gpio"}
,[7.4.2021 | 15:15:55] {"client-id":"95fe72b3-c89d-48a4-9f2a-bc7316c8d360","gpioa":0,"gpiob":0,"gpioc":32768,"gpiod":38936,"gpioe":5376,"modeltime":0,"type":"gpio"}
,[7.4.2021 | 15:15:55] {"client-id":"95fe72b3-c89d-48a4-9f2a-bc7316c8d360","gpioa":0,"gpiob":0,"gpioc":32768,"gpiod":38936,"gpioe":5376,"modeltime":0,"type":"gpio"}
,[7.4.2021 | 15:15:55] {"client-id":"95fe72b3-c89d-48a4-9f2a-bc7316c8d360","gpioa":0,"gpiob":0,"gpioc":32768,"gpiod":38936,"gpioe":5376,"modeltime":0,"type":"gpio"}
,[7.4.2021 | 15:15:55] {"client-id":"95fe72b3-c89d-48a4-9f2a-bc7316c8d360","gpioa":0,"gpiob":0,"gpioc":32768,"gpiod":38936,"gpioe":5376,"modeltime":0,"type":"gpio"}
,[7.4.2021 | 15:15:55] {"client-id":"95fe72b3-c89d-48a4-9f2a-bc7316c8d360","gpioa":0,"gpiob":0,"gpioc":32768,"gpiod":38936,"gpioe":5376,"modeltime":0,"type":"gpio"}
,[7.4.2021 | 15:15:55] {"client-id":"95fe72b3-c89d-48a4-9f2a-bc7316c8d360","gpioa":0,"gpiob":0,"gpioc":32768,"gpiod":38936,"gpioe":5376,"modeltime":0,"type":"gpio"}
,[7.4.2021 | 15:15:55] {"client-id":"95fe72b3-c89d-48a4-9f2a-bc7316c8d360","gpioa":0,"gpiob":0,"gpioc":32768,"gpiod":38936,"gpioe":5376,"modeltime":0,"type":"gpio"}
,[7.4.2021 | 15:15:55] {"client-id":"95fe72b3-c89d-48a4-9f2a-bc7316c8d360","gpioa":0,"gpiob":0,"gpioc":32768,"gpiod":38936,"gpioe":5376,"modeltime":0,"type":"gpio"}
,[7.4.2021 | 15:15:55] {"client-id":"95fe72b3-c89d-48a4-9f2a-bc7316c8d360","gpioa":0,"gpiob":0,"gpioc":32768,"gpiod":38936,"gpioe":5376,"modeltime":0,"type":"gpio"}
,[7.4.2021 | 15:15:55] {"client-id":"95fe72b3-c89d-48a4-9f2a-bc7316c8d360","gpioa":0,"gpiob":0,"gpioc":32768,"gpiod":38936,"gpioe":5376,"modeltime":0,"type":"gpio"}
,[7.4.2021 | 15:15:56] {"client-id":"95fe72b3-c89d-48a4-9f2a-bc7316c8d360","gpioa":0,"gpiob":0,"gpioc":32768,"gpiod":38936,"gpioe":5376,"modeltime":0,"type":"gpio"}
,[7.4.2021 | 15:15:56] {"client-id":"95fe72b3-c89d-48a4-9f2a-bc7316c8d360","gpioa":0,"gpiob":0,"gpioc":32768,"gpiod":38936,"gpioe":5376,"modeltime":0,"type":"gpio"}
,[7.4.2021 | 15:15:56] {"client-id":"95fe72b3-c89d-48a4-9f2a-bc7316c8d360","gpioa":0,"gpiob":0,"gpioc":0,"gpiod":38936,"gpioe":5376,"modeltime":0,"type":"gpio"}
,[7.4.2021 | 15:15:56] {"client-id":"95fe72b3-c89d-48a4-9f2a-bc7316c8d360","gpioa":0,"gpiob":0,"gpioc":0,"gpiod":38936,"gpioe":5376,"modeltime":0,"type":"gpio"}
,[7.4.2021 | 15:15:56] {"client-id":"95fe72b3-c89d-48a4-9f2a-bc7316c8d360","gpioa":0,"gpiob":0,"gpioc":0,"gpiod":38936,"gpioe":5376,"modeltime":0,"type":"gpio"}
,[7.4.2021 | 15:15:56] {"client-id":"95fe72b3-c89d-48a4-9f2a-bc7316c8d360","gpioa":0,"gpiob":0,"gpioc":0,"gpiod":12296,"gpioe":5376,"modeltime":0,"type":"gpio"}
,[7.4.2021 | 15:15:56] {"client-id":"95fe72b3-c89d-48a4-9f2a-bc7316c8d360","gpioa":0,"gpiob":0,"gpioc":0,"gpiod":12296,"gpioe":5376,"modeltime":0,"type":"gpio"}
,[7.4.2021 | 15:15:56] {"client-id":"95fe72b3-c89d-48a4-9f2a-bc7316c8d360","gpioa":0,"gpiob":0,"gpioc":32768,"gpiod":12296,"gpioe":5376,"modeltime":0,"type":"gpio"}
,[7.4.2021 | 15:15:56] {"client-id":"95fe72b3-c89d-48a4-9f2a-bc7316c8d360","gpioa":0,"gpiob":0,"gpioc":32768,"gpiod":12296,"gpioe":5376,"modeltime":0,"type":"gpio"}
,[7.4.2021 | 15:15:57] {"client-id":"95fe72b3-c89d-48a4-9f2a-bc7316c8d360","gpioa":0,"gpiob":0,"gpioc":32768,"gpiod":12296,"gpioe":5376,"modeltime":0,"type":"gpio"}
,[7.4.2021 | 15:15:57] {"client-id":"95fe72b3-c89d-48a4-9f2a-bc7316c8d360","gpioa":0,"gpiob":0,"gpioc":32768,"gpiod":12296,"gpioe":5376,"modeltime":0,"type":"gpio"}
,[7.4.2021 | 15:15:57] {"client-id":"95fe72b3-c89d-48a4-9f2a-bc7316c8d360","gpioa":0,"gpiob":0,"gpioc":32768,"gpiod":8192,"gpioe":5376,"modeltime":0,"type":"gpio"}
,[7.4.2021 | 15:15:57] {"client-id":"95fe72b3-c89d-48a4-9f2a-bc7316c8d360","gpioa":0,"gpiob":0,"gpioc":32768,"gpiod":8192,"gpioe":5376,"modeltime":0,"type":"gpio"}
,[7.4.2021 | 15:15:57] {"client-id":"95fe72b3-c89d-48a4-9f2a-bc7316c8d360","gpioa":0,"gpiob":0,"gpioc":32768,"gpiod":8192,"gpioe":5376,"modeltime":0,"type":"gpio"}
,[7.4.2021 | 15:15:57] {"client-id":"95fe72b3-c89d-48a4-9f2a-bc7316c8d360","gpioa":0,"gpiob":0,"gpioc":32768,"gpiod":8192,"gpioe":5376,"modeltime":0,"type":"gpio"}
,[7.4.2021 | 15:15:57] {"client-id":"95fe72b3-c89d-48a4-9f2a-bc7316c8d360","gpioa":0,"gpiob":0,"gpioc":32768,"gpiod":12296,"gpioe":5376,"modeltime":0,"type":"gpio"}
,[7.4.2021 | 15:15:57] {"client-id":"95fe72b3-c89d-48a4-9f2a-bc7316c8d360","gpioa":0,"gpiob":0,"gpioc":32768,"gpiod":12296,"gpioe":5376,"modeltime":0,"type":"gpio"}
,[7.4.2021 | 15:15:58] {"client-id":"95fe72b3-c89d-48a4-9f2a-bc7316c8d360","gpioa":0,"gpiob":0,"gpioc":32768,"gpiod":12296,"gpioe":5376,"modeltime":0,"type":"gpio"}
,[7.4.2021 | 15:15:58] {"client-id":"95fe72b3-c89d-48a4-9f2a-bc7316c8d360","gpioa":0,"gpiob":0,"gpioc":32768,"gpiod":12296,"gpioe":5376,"modeltime":0,"type":"gpio"}
,[7.4.2021 | 15:15:58] {"client-id":"95fe72b3-c89d-48a4-9f2a-bc7316c8d360","gpioa":0,"gpiob":0,"gpioc":0,"gpiod":12296,"gpioe":5376,"modeltime":0,"type":"gpio"}
,[7.4.2021 | 15:15:58] {"client-id":"95fe72b3-c89d-48a4-9f2a-bc7316c8d360","gpioa":0,"gpiob":0,"gpioc":0,"gpiod":36872,"gpioe":5376,"modeltime":0,"type":"gpio"}
,[7.4.2021 | 15:15:58] {"client-id":"95fe72b3-c89d-48a4-9f2a-bc7316c8d360","gpioa":0,"gpiob":0,"gpioc":0,"gpiod":36872,"gpioe":5376,"modeltime":0,"type":"gpio"}
,[7.4.2021 | 15:15:58] {"client-id":"95fe72b3-c89d-48a4-9f2a-bc7316c8d360","gpioa":0,"gpiob":0,"gpioc":0,"gpiod":36872,"gpioe":5376,"modeltime":0,"type":"gpio"}
,[7.4.2021 | 15:15:58] {"client-id":"95fe72b3-c89d-48a4-9f2a-bc7316c8d360","gpioa":0,"gpiob":0,"gpioc":0,"gpiod":36872,"gpioe":5376,"modeltime":0,"type":"gpio"}
,[7.4.2021 | 15:15:58] {"client-id":"95fe72b3-c89d-48a4-9f2a-bc7316c8d360","gpioa":0,"gpiob":0,"gpioc":32768,"gpiod":36872,"gpioe":5376,"modeltime":0,"type":"gpio"}
,[7.4.2021 | 15:15:58] {"client-id":"95fe72b3-c89d-48a4-9f2a-bc7316c8d360","gpioa":0,"gpiob":0,"gpioc":32768,"gpiod":36872,"gpioe":5376,"modeltime":0,"type":"gpio"}
,[7.4.2021 | 15:15:58] {"client-id":"95fe72b3-c89d-48a4-9f2a-bc7316c8d360","gpioa":0,"gpiob":0,"gpioc":32768,"gpiod":36872,"gpioe":5376,"modeltime":0,"type":"gpio"}
,[7.4.2021 | 15:15:59] {"client-id":"95fe72b3-c89d-48a4-9f2a-bc7316c8d360","gpioa":0,"gpiob":0,"gpioc":32768,"gpiod":36872,"gpioe":5376,"modeltime":0,"type":"gpio"}
,[7.4.2021 | 15:15:59] {"client-id":"95fe72b3-c89d-48a4-9f2a-bc7316c8d360","gpioa":0,"gpiob":0,"gpioc":32768,"gpiod":36872,"gpioe":5376,"modeltime":0,"type":"gpio"}
,[7.4.2021 | 15:15:59] {"client-id":"95fe72b3-c89d-48a4-9f2a-bc7316c8d360","gpioa":0,"gpiob":0,"gpioc":32768,"gpiod":36872,"gpioe":5376,"modeltime":0,"type":"gpio"}
,[7.4.2021 | 15:15:59] {"client-id":"95fe72b3-c89d-48a4-9f2a-bc7316c8d360","gpioa":0,"gpiob":0,"gpioc":32768,"gpiod":36872,"gpioe":5376,"modeltime":0,"type":"gpio"}
,[7.4.2021 | 15:15:59] {"client-id":"95fe72b3-c89d-48a4-9f2a-bc7316c8d360","gpioa":0,"gpiob":0,"gpioc":0,"gpiod":36872,"gpioe":5376,"modeltime":0,"type":"gpio"}
,[7.4.2021 | 15:15:59] {"client-id":"95fe72b3-c89d-48a4-9f2a-bc7316c8d360","gpioa":0,"gpiob":0,"gpioc":0,"gpiod":36872,"gpioe":5376,"modeltime":0,"type":"gpio"}
,[7.4.2021 | 15:15:59] {"client-id":"95fe72b3-c89d-48a4-9f2a-bc7316c8d360","gpioa":0,"gpiob":0,"gpioc":0,"gpiod":36872,"gpioe":5376,"modeltime":0,"type":"gpio"}
,[7.4.2021 | 15:15:59] {"client-id":"95fe72b3-c89d-48a4-9f2a-bc7316c8d360","gpioa":0,"gpiob":0,"gpioc":0,"gpiod":36872,"gpioe":5376,"modeltime":0,"type":"gpio"}
,[7.4.2021 | 15:15:59] {"client-id":"95fe72b3-c89d-48a4-9f2a-bc7316c8d360","gpioa":0,"gpiob":0,"gpioc":32768,"gpiod":14360,"gpioe":5376,"modeltime":0,"type":"gpio"}
,[7.4.2021 | 15:15:59] {"client-id":"95fe72b3-c89d-48a4-9f2a-bc7316c8d360","gpioa":0,"gpiob":0,"gpioc":32768,"gpiod":14360,"gpioe":5376,"modeltime":0,"type":"gpio"}
,[7.4.2021 | 15:15:59] {"client-id":"95fe72b3-c89d-48a4-9f2a-bc7316c8d360","gpioa":0,"gpiob":0,"gpioc":32768,"gpiod":14360,"gpioe":5376,"modeltime":0,"type":"gpio"}
,[7.4.2021 | 15:16:0] {"client-id":"95fe72b3-c89d-48a4-9f2a-bc7316c8d360","gpioa":0,"gpiob":0,"gpioc":32768,"gpiod":14360,"gpioe":5376,"modeltime":0,"type":"gpio"}
,[7.4.2021 | 15:16:0] {"client-id":"95fe72b3-c89d-48a4-9f2a-bc7316c8d360","gpioa":0,"gpiob":0,"gpioc":32768,"gpiod":14360,"gpioe":5376,"modeltime":0,"type":"gpio"}
,[7.4.2021 | 15:16:0] {"client-id":"95fe72b3-c89d-48a4-9f2a-bc7316c8d360","gpioa":0,"gpiob":0,"gpioc":32768,"gpiod":14904,"gpioe":5376,"modeltime":0,"type":"gpio"}
,[7.4.2021 | 15:16:0] {"client-id":"95fe72b3-c89d-48a4-9f2a-bc7316c8d360","gpioa":0,"gpiob":0,"gpioc":32768,"gpiod":14904,"gpioe":5376,"modeltime":0,"type":"gpio"}
,[7.4.2021 | 15:16:0] {"client-id":"95fe72b3-c89d-48a4-9f2a-bc7316c8d360","gpioa":0,"gpiob":0,"gpioc":32768,"gpiod":14904,"gpioe":5376,"modeltime":0,"type":"gpio"}
,[7.4.2021 | 15:16:0] {"client-id":"95fe72b3-c89d-48a4-9f2a-bc7316c8d360","gpioa":0,"gpiob":0,"gpioc":32768,"gpiod":14904,"gpioe":5376,"modeltime":0,"type":"gpio"}
,[7.4.2021 | 15:16:0] {"client-id":"95fe72b3-c89d-48a4-9f2a-bc7316c8d360","gpioa":0,"gpiob":0,"gpioc":32768,"gpiod":14904,"gpioe":5376,"modeltime":0,"type":"gpio"}
,[7.4.2021 | 15:16:0] {"client-id":"95fe72b3-c89d-48a4-9f2a-bc7316c8d360","gpioa":0,"gpiob":0,"gpioc":32768,"gpiod":15224,"gpioe":5376,"modeltime":0,"type":"gpio"}
,[7.4.2021 | 15:16:0] {"client-id":"95fe72b3-c89d-48a4-9f2a-bc7316c8d360","gpioa":0,"gpiob":0,"gpioc":32768,"gpiod":15224,"gpioe":5376,"modeltime":0,"type":"gpio"}
,[7.4.2021 | 15:16:0] {"client-id":"95fe72b3-c89d-48a4-9f2a-bc7316c8d360","gpioa":0,"gpiob":0,"gpioc":32768,"gpiod":15224,"gpioe":5376,"modeltime":0,"type":"gpio"}
,[7.4.2021 | 15:16:1] {"client-id":"95fe72b3-c89d-48a4-9f2a-bc7316c8d360","gpioa":0,"gpiob":0,"gpioc":32768,"gpiod":15224,"gpioe":5376,"modeltime":0,"type":"gpio"}
,[7.4.2021 | 15:16:1] {"client-id":"95fe72b3-c89d-48a4-9f2a-bc7316c8d360","gpioa":0,"gpiob":0,"gpioc":32768,"gpiod":15224,"gpioe":5376,"modeltime":0,"type":"gpio"}
,[7.4.2021 | 15:16:1] {"client-id":"95fe72b3-c89d-48a4-9f2a-bc7316c8d360","gpioa":0,"gpiob":0,"gpioc":32768,"gpiod":14904,"gpioe":5376,"modeltime":0,"type":"gpio"}
,[7.4.2021 | 15:16:1] {"client-id":"95fe72b3-c89d-48a4-9f2a-bc7316c8d360","gpioa":0,"gpiob":0,"gpioc":32768,"gpiod":14904,"gpioe":5376,"modeltime":0,"type":"gpio"}
,[7.4.2021 | 15:16:1] {"client-id":"95fe72b3-c89d-48a4-9f2a-bc7316c8d360","gpioa":0,"gpiob":0,"gpioc":32768,"gpiod":14904,"gpioe":5376,"modeltime":0,"type":"gpio"}
,[7.4.2021 | 15:16:1] {"client-id":"95fe72b3-c89d-48a4-9f2a-bc7316c8d360","gpioa":0,"gpiob":0,"gpioc":32768,"gpiod":14904,"gpioe":5376,"modeltime":0,"type":"gpio"}
,[7.4.2021 | 15:16:1] {"client-id":"95fe72b3-c89d-48a4-9f2a-bc7316c8d360","gpioa":0,"gpiob":0,"gpioc":32768,"gpiod":14904,"gpioe":5376,"modeltime":0,"type":"gpio"}
,[7.4.2021 | 15:16:1] {"client-id":"95fe72b3-c89d-48a4-9f2a-bc7316c8d360","gpioa":0,"gpiob":0,"gpioc":32768,"gpiod":14360,"gpioe":5376,"modeltime":0,"type":"gpio"}
,[7.4.2021 | 15:16:1] {"client-id":"95fe72b3-c89d-48a4-9f2a-bc7316c8d360","gpioa":0,"gpiob":0,"gpioc":32768,"gpiod":14360,"gpioe":5376,"modeltime":0,"type":"gpio"}
,[7.4.2021 | 15:16:1] {"client-id":"95fe72b3-c89d-48a4-9f2a-bc7316c8d360","gpioa":0,"gpiob":0,"gpioc":32768,"gpiod":14360,"gpioe":5376,"modeltime":0,"type":"gpio"}
,[7.4.2021 | 15:16:2] {"client-id":"95fe72b3-c89d-48a4-9f2a-bc7316c8d360","gpioa":0,"gpiob":0,"gpioc":0,"gpiod":14360,"gpioe":5376,"modeltime":0,"type":"gpio"}
,[7.4.2021 | 15:16:2] {"client-id":"95fe72b3-c89d-48a4-9f2a-bc7316c8d360","gpioa":0,"gpiob":0,"gpioc":0,"gpiod":14360,"gpioe":5376,"modeltime":0,"type":"gpio"}
,[7.4.2021 | 15:16:2] {"client-id":"95fe72b3-c89d-48a4-9f2a-bc7316c8d360","gpioa":0,"gpiob":0,"gpioc":0,"gpiod":38936,"gpioe":5376,"modeltime":0,"type":"gpio"}
,[7.4.2021 | 15:16:2] {"client-id":"95fe72b3-c89d-48a4-9f2a-bc7316c8d360","gpioa":0,"gpiob":0,"gpioc":0,"gpiod":38936,"gpioe":5376,"modeltime":0,"type":"gpio"}
,[7.4.2021 | 15:16:2] {"client-id":"95fe72b3-c89d-48a4-9f2a-bc7316c8d360","gpioa":0,"gpiob":0,"gpioc":0,"gpiod":38936,"gpioe":5376,"modeltime":0,"type":"gpio"}
,[7.4.2021 | 15:16:2] {"client-id":"95fe72b3-c89d-48a4-9f2a-bc7316c8d360","gpioa":0,"gpiob":0,"gpioc":32768,"gpiod":38936,"gpioe":5376,"modeltime":0,"type":"gpio"}
,[7.4.2021 | 15:16:2] {"client-id":"95fe72b3-c89d-48a4-9f2a-bc7316c8d360","gpioa":0,"gpiob":0,"gpioc":32768,"gpiod":38936,"gpioe":5376,"modeltime":0,"type":"gpio"}
,[7.4.2021 | 15:16:2] {"client-id":"95fe72b3-c89d-48a4-9f2a-bc7316c8d360","gpioa":0,"gpiob":0,"gpioc":32768,"gpiod":38936,"gpioe":5376,"modeltime":0,"type":"gpio"}
,[7.4.2021 | 15:16:2] {"client-id":"95fe72b3-c89d-48a4-9f2a-bc7316c8d360","gpioa":0,"gpiob":0,"gpioc":32768,"gpiod":38936,"gpioe":5376,"modeltime":0,"type":"gpio"}
,[7.4.2021 | 15:16:3] {"client-id":"95fe72b3-c89d-48a4-9f2a-bc7316c8d360","gpioa":0,"gpiob":0,"gpioc":32768,"gpiod":38936,"gpioe":5376,"modeltime":0,"type":"gpio"}
,[7.4.2021 | 15:16:3] {"client-id":"95fe72b3-c89d-48a4-9f2a-bc7316c8d360","gpioa":0,"gpiob":0,"gpioc":32768,"gpiod":38936,"gpioe":5376,"modeltime":0,"type":"gpio"}
,[7.4.2021 | 15:16:3] {"client-id":"95fe72b3-c89d-48a4-9f2a-bc7316c8d360","gpioa":0,"gpiob":0,"gpioc":32768,"gpiod":38936,"gpioe":5376,"modeltime":0,"type":"gpio"}
,[7.4.2021 | 15:16:3] {"client-id":"95fe72b3-c89d-48a4-9f2a-bc7316c8d360","gpioa":0,"gpiob":0,"gpioc":32768,"gpiod":38936,"gpioe":5376,"modeltime":0,"type":"gpio"}
,[7.4.2021 | 15:16:3] {"client-id":"95fe72b3-c89d-48a4-9f2a-bc7316c8d360","gpioa":0,"gpiob":0,"gpioc":32768,"gpiod":38936,"gpioe":5376,"modeltime":0,"type":"gpio"}
,[7.4.2021 | 15:16:3] {"client-id":"95fe72b3-c89d-48a4-9f2a-bc7316c8d360","gpioa":0,"gpiob":0,"gpioc":32768,"gpiod":38936,"gpioe":5376,"modeltime":0,"type":"gpio"}
,[7.4.2021 | 15:16:3] {"client-id":"95fe72b3-c89d-48a4-9f2a-bc7316c8d360","gpioa":0,"gpiob":0,"gpioc":32768,"gpiod":38936,"gpioe":1280,"modeltime":0,"type":"gpio"}
,[7.4.2021 | 15:16:3] {"client-id":"95fe72b3-c89d-48a4-9f2a-bc7316c8d360","gpioa":0,"gpiob":0,"gpioc":32768,"gpiod":38936,"gpioe":1280,"modeltime":0,"type":"gpio"}
,[7.4.2021 | 15:16:3] {"client-id":"95fe72b3-c89d-48a4-9f2a-bc7316c8d360","gpioa":0,"gpiob":0,"gpioc":32768,"gpiod":38936,"gpioe":1280,"modeltime":0,"type":"gpio"}
,[7.4.2021 | 15:16:3] {"client-id":"95fe72b3-c89d-48a4-9f2a-bc7316c8d360","gpioa":0,"gpiob":0,"gpioc":32768,"gpiod":38936,"gpioe":1280,"modeltime":0,"type":"gpio"}
,[7.4.2021 | 15:16:4] {"client-id":"95fe72b3-c89d-48a4-9f2a-bc7316c8d360","gpioa":0,"gpiob":0,"gpioc":32768,"gpiod":38936,"gpioe":1280,"modeltime":0,"type":"gpio"}
,[7.4.2021 | 15:16:4] {"client-id":"95fe72b3-c89d-48a4-9f2a-bc7316c8d360","gpioa":0,"gpiob":0,"gpioc":32768,"gpiod":38936,"gpioe":1280,"modeltime":0,"type":"gpio"}
,[7.4.2021 | 15:16:4] {"client-id":"95fe72b3-c89d-48a4-9f2a-bc7316c8d360","gpioa":0,"gpiob":0,"gpioc":32768,"gpiod":38936,"gpioe":1280,"modeltime":0,"type":"gpio"}
,[7.4.2021 | 15:16:4] {"client-id":"95fe72b3-c89d-48a4-9f2a-bc7316c8d360","gpioa":0,"gpiob":0,"gpioc":32768,"gpiod":38936,"gpioe":1280,"modeltime":0,"type":"gpio"}
,[7.4.2021 | 15:16:4] {"client-id":"95fe72b3-c89d-48a4-9f2a-bc7316c8d360","gpioa":0,"gpiob":0,"gpioc":32768,"gpiod":38936,"gpioe":1280,"modeltime":0,"type":"gpio"}
,[7.4.2021 | 15:16:4] {"client-id":"95fe72b3-c89d-48a4-9f2a-bc7316c8d360","gpioa":0,"gpiob":0,"gpioc":32768,"gpiod":38936,"gpioe":1280,"modeltime":0,"type":"gpio"}
,[7.4.2021 | 15:16:4] {"client-id":"95fe72b3-c89d-48a4-9f2a-bc7316c8d360","gpioa":0,"gpiob":0,"gpioc":32768,"gpiod":38936,"gpioe":1280,"modeltime":0,"type":"gpio"}
,[7.4.2021 | 15:16:4] {"client-id":"95fe72b3-c89d-48a4-9f2a-bc7316c8d360","gpioa":0,"gpiob":0,"gpioc":32768,"gpiod":38936,"gpioe":1280,"modeltime":0,"type":"gpio"}
,[7.4.2021 | 15:16:5] {"client-id":"95fe72b3-c89d-48a4-9f2a-bc7316c8d360","gpioa":0,"gpiob":0,"gpioc":32768,"gpiod":38936,"gpioe":1024,"modeltime":0,"type":"gpio"}
,[7.4.2021 | 15:16:5] {"client-id":"95fe72b3-c89d-48a4-9f2a-bc7316c8d360","gpioa":0,"gpiob":0,"gpioc":32768,"gpiod":38936,"gpioe":1024,"modeltime":0,"type":"gpio"}
,[7.4.2021 | 15:16:5] {"client-id":"95fe72b3-c89d-48a4-9f2a-bc7316c8d360","gpioa":0,"gpiob":0,"gpioc":32768,"gpiod":38936,"gpioe":1024,"modeltime":0,"type":"gpio"}
,[7.4.2021 | 15:16:5] {"client-id":"95fe72b3-c89d-48a4-9f2a-bc7316c8d360","gpioa":0,"gpiob":0,"gpioc":32768,"gpiod":38936,"gpioe":1024,"modeltime":0,"type":"gpio"}
,[7.4.2021 | 15:16:5] {"client-id":"95fe72b3-c89d-48a4-9f2a-bc7316c8d360","gpioa":0,"gpiob":0,"gpioc":32768,"gpiod":38936,"gpioe":1024,"modeltime":0,"type":"gpio"}
,[7.4.2021 | 15:16:5] {"client-id":"95fe72b3-c89d-48a4-9f2a-bc7316c8d360","gpioa":0,"gpiob":0,"gpioc":32768,"gpiod":38936,"gpioe":1024,"modeltime":0,"type":"gpio"}
,[7.4.2021 | 15:16:5] {"client-id":"95fe72b3-c89d-48a4-9f2a-bc7316c8d360","gpioa":0,"gpiob":0,"gpioc":32768,"gpiod":38936,"gpioe":1024,"modeltime":0,"type":"gpio"}
,[7.4.2021 | 15:16:5] {"client-id":"95fe72b3-c89d-48a4-9f2a-bc7316c8d360","gpioa":0,"gpiob":0,"gpioc":32768,"gpiod":38936,"gpioe":1024,"modeltime":0,"type":"gpio"}
,[7.4.2021 | 15:16:5] {"client-id":"95fe72b3-c89d-48a4-9f2a-bc7316c8d360","gpioa":0,"gpiob":0,"gpioc":32768,"gpiod":38936,"gpioe":1024,"modeltime":0,"type":"gpio"}
,[7.4.2021 | 15:16:5] {"client-id":"95fe72b3-c89d-48a4-9f2a-bc7316c8d360","gpioa":0,"gpiob":0,"gpioc":32768,"gpiod":38936,"gpioe":1024,"modeltime":0,"type":"gpio"}
,[7.4.2021 | 15:16:5] {"client-id":"95fe72b3-c89d-48a4-9f2a-bc7316c8d360","gpioa":0,"gpiob":0,"gpioc":32768,"gpiod":38936,"gpioe":1024,"modeltime":0,"type":"gpio"}
,[7.4.2021 | 15:16:5] {"client-id":"95fe72b3-c89d-48a4-9f2a-bc7316c8d360","gpioa":0,"gpiob":0,"gpioc":32768,"gpiod":38936,"gpioe":1024,"modeltime":0,"type":"gpio"}
,[7.4.2021 | 15:16:6] {"client-id":"95fe72b3-c89d-48a4-9f2a-bc7316c8d360","gpioa":0,"gpiob":0,"gpioc":32768,"gpiod":38936,"gpioe":1024,"modeltime":0,"type":"gpio"}
,[7.4.2021 | 15:16:6] {"client-id":"95fe72b3-c89d-48a4-9f2a-bc7316c8d360","gpioa":0,"gpiob":0,"gpioc":32768,"gpiod":38936,"gpioe":1024,"modeltime":0,"type":"gpio"}
,[7.4.2021 | 15:16:6] {"client-id":"95fe72b3-c89d-48a4-9f2a-bc7316c8d360","gpioa":0,"gpiob":0,"gpioc":32768,"gpiod":38936,"gpioe":1280,"modeltime":0,"type":"gpio"}
,[7.4.2021 | 15:16:6] {"client-id":"95fe72b3-c89d-48a4-9f2a-bc7316c8d360","gpioa":0,"gpiob":0,"gpioc":32768,"gpiod":38936,"gpioe":1280,"modeltime":0,"type":"gpio"}
,[7.4.2021 | 15:16:6] {"client-id":"95fe72b3-c89d-48a4-9f2a-bc7316c8d360","gpioa":0,"gpiob":0,"gpioc":32768,"gpiod":38936,"gpioe":1280,"modeltime":0,"type":"gpio"}
,[7.4.2021 | 15:16:6] {"client-id":"95fe72b3-c89d-48a4-9f2a-bc7316c8d360","gpioa":0,"gpiob":0,"gpioc":32768,"gpiod":38936,"gpioe":1280,"modeltime":0,"type":"gpio"}
,[7.4.2021 | 15:16:6] {"client-id":"95fe72b3-c89d-48a4-9f2a-bc7316c8d360","gpioa":0,"gpiob":0,"gpioc":32768,"gpiod":38936,"gpioe":1280,"modeltime":0,"type":"gpio"}
,[7.4.2021 | 15:16:6] {"client-id":"95fe72b3-c89d-48a4-9f2a-bc7316c8d360","gpioa":0,"gpiob":0,"gpioc":32768,"gpiod":38936,"gpioe":1280,"modeltime":0,"type":"gpio"}
,[7.4.2021 | 15:16:6] {"client-id":"95fe72b3-c89d-48a4-9f2a-bc7316c8d360","gpioa":0,"gpiob":0,"gpioc":32768,"gpiod":38936,"gpioe":1280,"modeltime":0,"type":"gpio"}
,[7.4.2021 | 15:16:6] {"client-id":"95fe72b3-c89d-48a4-9f2a-bc7316c8d360","gpioa":0,"gpiob":0,"gpioc":32768,"gpiod":38936,"gpioe":1280,"modeltime":0,"type":"gpio"}
,[7.4.2021 | 15:16:7] {"client-id":"95fe72b3-c89d-48a4-9f2a-bc7316c8d360","gpioa":0,"gpiob":0,"gpioc":32768,"gpiod":38936,"gpioe":1280,"modeltime":0,"type":"gpio"}
,[7.4.2021 | 15:16:7] {"client-id":"95fe72b3-c89d-48a4-9f2a-bc7316c8d360","gpioa":0,"gpiob":0,"gpioc":32768,"gpiod":38936,"gpioe":5376,"modeltime":0,"type":"gpio"}
,[7.4.2021 | 15:16:7] {"client-id":"95fe72b3-c89d-48a4-9f2a-bc7316c8d360","gpioa":0,"gpiob":0,"gpioc":32768,"gpiod":38936,"gpioe":5376,"modeltime":0,"type":"gpio"}
,[7.4.2021 | 15:16:7] {"client-id":"95fe72b3-c89d-48a4-9f2a-bc7316c8d360","gpioa":0,"gpiob":0,"gpioc":32768,"gpiod":38936,"gpioe":5376,"modeltime":0,"type":"gpio"}
,[7.4.2021 | 15:16:7] {"client-id":"95fe72b3-c89d-48a4-9f2a-bc7316c8d360","gpioa":0,"gpiob":0,"gpioc":32768,"gpiod":38936,"gpioe":5376,"modeltime":0,"type":"gpio"}
,[7.4.2021 | 15:16:7] {"client-id":"95fe72b3-c89d-48a4-9f2a-bc7316c8d360","gpioa":0,"gpiob":0,"gpioc":32768,"gpiod":38936,"gpioe":5376,"modeltime":0,"type":"gpio"}
,[7.4.2021 | 15:16:7] {"client-id":"95fe72b3-c89d-48a4-9f2a-bc7316c8d360","gpioa":0,"gpiob":0,"gpioc":32768,"gpiod":38936,"gpioe":5376,"modeltime":0,"type":"gpio"}
,[7.4.2021 | 15:16:7] {"client-id":"95fe72b3-c89d-48a4-9f2a-bc7316c8d360","gpioa":0,"gpiob":0,"gpioc":32768,"gpiod":38936,"gpioe":5376,"modeltime":0,"type":"gpio"}
,[7.4.2021 | 15:16:7] {"client-id":"95fe72b3-c89d-48a4-9f2a-bc7316c8d360","gpioa":0,"gpiob":0,"gpioc":32768,"gpiod":38936,"gpioe":5376,"modeltime":0,"type":"gpio"}
,[7.4.2021 | 15:16:7] {"client-id":"95fe72b3-c89d-48a4-9f2a-bc7316c8d360","gpioa":0,"gpiob":0,"gpioc":32768,"gpiod":38936,"gpioe":5376,"modeltime":0,"type":"gpio"}
,[7.4.2021 | 15:16:8] {"client-id":"95fe72b3-c89d-48a4-9f2a-bc7316c8d360","gpioa":0,"gpiob":0,"gpioc":32768,"gpiod":38936,"gpioe":5376,"modeltime":0,"type":"gpio"}
,[7.4.2021 | 15:16:8] {"client-id":"95fe72b3-c89d-48a4-9f2a-bc7316c8d360","gpioa":0,"gpiob":0,"gpioc":32768,"gpiod":38936,"gpioe":5376,"modeltime":0,"type":"gpio"}
,[7.4.2021 | 15:16:8] {"client-id":"95fe72b3-c89d-48a4-9f2a-bc7316c8d360","gpioa":0,"gpiob":0,"gpioc":32768,"gpiod":38936,"gpioe":5376,"modeltime":0,"type":"gpio"}
,[7.4.2021 | 15:16:8] {"client-id":"95fe72b3-c89d-48a4-9f2a-bc7316c8d360","gpioa":0,"gpiob":0,"gpioc":32768,"gpiod":38936,"gpioe":5376,"modeltime":0,"type":"gpio"}
,[7.4.2021 | 15:16:8] {"client-id":"95fe72b3-c89d-48a4-9f2a-bc7316c8d360","gpioa":0,"gpiob":0,"gpioc":0,"gpiod":38936,"gpioe":5376,"modeltime":0,"type":"gpio"}
,[7.4.2021 | 15:16:8] {"client-id":"95fe72b3-c89d-48a4-9f2a-bc7316c8d360","gpioa":0,"gpiob":0,"gpioc":0,"gpiod":38936,"gpioe":5376,"modeltime":0,"type":"gpio"}
,[7.4.2021 | 15:16:8] {"client-id":"95fe72b3-c89d-48a4-9f2a-bc7316c8d360","gpioa":0,"gpiob":0,"gpioc":0,"gpiod":38936,"gpioe":5376,"modeltime":0,"type":"gpio"}
,[7.4.2021 | 15:16:8] {"client-id":"95fe72b3-c89d-48a4-9f2a-bc7316c8d360","gpioa":0,"gpiob":0,"gpioc":0,"gpiod":38936,"gpioe":5376,"modeltime":0,"type":"gpio"}
,[7.4.2021 | 15:16:9] {"client-id":"95fe72b3-c89d-48a4-9f2a-bc7316c8d360","gpioa":0,"gpiob":0,"gpioc":32768,"gpiod":12296,"gpioe":5376,"modeltime":0,"type":"gpio"}
,[7.4.2021 | 15:16:9] {"client-id":"95fe72b3-c89d-48a4-9f2a-bc7316c8d360","gpioa":0,"gpiob":0,"gpioc":32768,"gpiod":12296,"gpioe":5376,"modeltime":0,"type":"gpio"}
,[7.4.2021 | 15:16:9] {"client-id":"95fe72b3-c89d-48a4-9f2a-bc7316c8d360","gpioa":0,"gpiob":0,"gpioc":32768,"gpiod":12296,"gpioe":5376,"modeltime":0,"type":"gpio"}
,[7.4.2021 | 15:16:9] {"client-id":"95fe72b3-c89d-48a4-9f2a-bc7316c8d360","gpioa":0,"gpiob":0,"gpioc":32768,"gpiod":12296,"gpioe":5376,"modeltime":0,"type":"gpio"}
,[7.4.2021 | 15:16:9] {"client-id":"95fe72b3-c89d-48a4-9f2a-bc7316c8d360","gpioa":0,"gpiob":0,"gpioc":32768,"gpiod":12296,"gpioe":5376,"modeltime":0,"type":"gpio"}
,[7.4.2021 | 15:16:9] {"client-id":"95fe72b3-c89d-48a4-9f2a-bc7316c8d360","gpioa":0,"gpiob":0,"gpioc":32768,"gpiod":8192,"gpioe":5376,"modeltime":0,"type":"gpio"}
,[7.4.2021 | 15:16:9] {"client-id":"95fe72b3-c89d-48a4-9f2a-bc7316c8d360","gpioa":0,"gpiob":0,"gpioc":32768,"gpiod":8192,"gpioe":5376,"modeltime":0,"type":"gpio"}
,[7.4.2021 | 15:16:9] {"client-id":"95fe72b3-c89d-48a4-9f2a-bc7316c8d360","gpioa":0,"gpiob":0,"gpioc":32768,"gpiod":8192,"gpioe":5376,"modeltime":0,"type":"gpio"}
,[7.4.2021 | 15:16:9] {"client-id":"95fe72b3-c89d-48a4-9f2a-bc7316c8d360","gpioa":0,"gpiob":0,"gpioc":32768,"gpiod":8192,"gpioe":5376,"modeltime":0,"type":"gpio"}
,[7.4.2021 | 15:16:9] {"client-id":"95fe72b3-c89d-48a4-9f2a-bc7316c8d360","gpioa":0,"gpiob":0,"gpioc":32768,"gpiod":8192,"gpioe":5376,"modeltime":0,"type":"gpio"}
,[7.4.2021 | 15:16:9] {"client-id":"95fe72b3-c89d-48a4-9f2a-bc7316c8d360","gpioa":0,"gpiob":0,"gpioc":32768,"gpiod":12296,"gpioe":5376,"modeltime":0,"type":"gpio"}
,[7.4.2021 | 15:16:10] {"client-id":"95fe72b3-c89d-48a4-9f2a-bc7316c8d360","gpioa":0,"gpiob":0,"gpioc":32768,"gpiod":12296,"gpioe":5376,"modeltime":0,"type":"gpio"}
,[7.4.2021 | 15:16:10] {"client-id":"95fe72b3-c89d-48a4-9f2a-bc7316c8d360","gpioa":0,"gpiob":0,"gpioc":32768,"gpiod":12296,"gpioe":5376,"modeltime":0,"type":"gpio"}
,[7.4.2021 | 15:16:10] {"client-id":"95fe72b3-c89d-48a4-9f2a-bc7316c8d360","gpioa":0,"gpiob":0,"gpioc":32768,"gpiod":12296,"gpioe":5376,"modeltime":0,"type":"gpio"}
,[7.4.2021 | 15:16:10] {"client-id":"95fe72b3-c89d-48a4-9f2a-bc7316c8d360","gpioa":0,"gpiob":0,"gpioc":32768,"gpiod":12296,"gpioe":5376,"modeltime":0,"type":"gpio"}
,[7.4.2021 | 15:16:10] {"client-id":"95fe72b3-c89d-48a4-9f2a-bc7316c8d360","gpioa":0,"gpiob":0,"gpioc":32768,"gpiod":14360,"gpioe":5376,"modeltime":0,"type":"gpio"}
,[7.4.2021 | 15:16:10] {"client-id":"95fe72b3-c89d-48a4-9f2a-bc7316c8d360","gpioa":0,"gpiob":0,"gpioc":32768,"gpiod":14360,"gpioe":5376,"modeltime":0,"type":"gpio"}
,[7.4.2021 | 15:16:10] {"client-id":"95fe72b3-c89d-48a4-9f2a-bc7316c8d360","gpioa":0,"gpiob":0,"gpioc":32768,"gpiod":14360,"gpioe":5376,"modeltime":0,"type":"gpio"}
,[7.4.2021 | 15:16:10] {"client-id":"95fe72b3-c89d-48a4-9f2a-bc7316c8d360","gpioa":0,"gpiob":0,"gpioc":32768,"gpiod":14360,"gpioe":5376,"modeltime":0,"type":"gpio"}
,[7.4.2021 | 15:16:11] {"client-id":"95fe72b3-c89d-48a4-9f2a-bc7316c8d360","gpioa":0,"gpiob":0,"gpioc":0,"gpiod":14360,"gpioe":5376,"modeltime":0,"type":"gpio"}
,[7.4.2021 | 15:16:11] {"client-id":"95fe72b3-c89d-48a4-9f2a-bc7316c8d360","gpioa":0,"gpiob":0,"gpioc":0,"gpiod":38936,"gpioe":5376,"modeltime":0,"type":"gpio"}
,[7.4.2021 | 15:16:11] {"client-id":"95fe72b3-c89d-48a4-9f2a-bc7316c8d360","gpioa":0,"gpiob":0,"gpioc":0,"gpiod":38936,"gpioe":5376,"modeltime":0,"type":"gpio"}
,[7.4.2021 | 15:16:11] {"client-id":"95fe72b3-c89d-48a4-9f2a-bc7316c8d360","gpioa":0,"gpiob":0,"gpioc":0,"gpiod":38936,"gpioe":5376,"modeltime":0,"type":"gpio"}
,[7.4.2021 | 15:16:11] {"client-id":"95fe72b3-c89d-48a4-9f2a-bc7316c8d360","gpioa":0,"gpiob":0,"gpioc":0,"gpiod":38936,"gpioe":5376,"modeltime":0,"type":"gpio"}
,[7.4.2021 | 15:16:11] {"client-id":"95fe72b3-c89d-48a4-9f2a-bc7316c8d360","gpioa":0,"gpiob":0,"gpioc":32768,"gpiod":38936,"gpioe":5376,"modeltime":0,"type":"gpio"}
,[7.4.2021 | 15:16:11] {"client-id":"95fe72b3-c89d-48a4-9f2a-bc7316c8d360","gpioa":0,"gpiob":0,"gpioc":32768,"gpiod":38936,"gpioe":5376,"modeltime":0,"type":"gpio"}
,[7.4.2021 | 15:16:11] {"client-id":"95fe72b3-c89d-48a4-9f2a-bc7316c8d360","gpioa":0,"gpiob":0,"gpioc":32768,"gpiod":38936,"gpioe":5376,"modeltime":0,"type":"gpio"}
,[7.4.2021 | 15:16:11] {"client-id":"95fe72b3-c89d-48a4-9f2a-bc7316c8d360","gpioa":0,"gpiob":0,"gpioc":32768,"gpiod":38936,"gpioe":5376,"modeltime":0,"type":"gpio"}
,[7.4.2021 | 15:16:11] {"client-id":"95fe72b3-c89d-48a4-9f2a-bc7316c8d360","gpioa":0,"gpiob":0,"gpioc":32768,"gpiod":38936,"gpioe":5376,"modeltime":0,"type":"gpio"}
,[7.4.2021 | 15:16:11] {"client-id":"95fe72b3-c89d-48a4-9f2a-bc7316c8d360","gpioa":0,"gpiob":0,"gpioc":32768,"gpiod":38936,"gpioe":5376,"modeltime":0,"type":"gpio"}
,[7.4.2021 | 15:16:11] {"client-id":"95fe72b3-c89d-48a4-9f2a-bc7316c8d360","gpioa":0,"gpiob":0,"gpioc":32768,"gpiod":38936,"gpioe":5376,"modeltime":0,"type":"gpio"}
,[7.4.2021 | 15:16:12] {"client-id":"95fe72b3-c89d-48a4-9f2a-bc7316c8d360","gpioa":0,"gpiob":0,"gpioc":32768,"gpiod":38936,"gpioe":5376,"modeltime":0,"type":"gpio"}
,[7.4.2021 | 15:16:12] {"client-id":"95fe72b3-c89d-48a4-9f2a-bc7316c8d360","gpioa":0,"gpiob":0,"gpioc":32768,"gpiod":38936,"gpioe":5376,"modeltime":0,"type":"gpio"}
,[7.4.2021 | 15:16:12] {"client-id":"95fe72b3-c89d-48a4-9f2a-bc7316c8d360","gpioa":0,"gpiob":0,"gpioc":32768,"gpiod":38936,"gpioe":5376,"modeltime":0,"type":"gpio"}
,[7.4.2021 | 15:16:12] {"client-id":"95fe72b3-c89d-48a4-9f2a-bc7316c8d360","gpioa":0,"gpiob":0,"gpioc":32768,"gpiod":38936,"gpioe":5376,"modeltime":0,"type":"gpio"}
,[7.4.2021 | 15:16:12] {"client-id":"95fe72b3-c89d-48a4-9f2a-bc7316c8d360","gpioa":0,"gpiob":0,"gpioc":32768,"gpiod":38936,"gpioe":5376,"modeltime":0,"type":"gpio"}
,[7.4.2021 | 15:16:12] {"client-id":"95fe72b3-c89d-48a4-9f2a-bc7316c8d360","gpioa":0,"gpiob":0,"gpioc":32768,"gpiod":38936,"gpioe":5376,"modeltime":0,"type":"gpio"}
,[7.4.2021 | 15:16:12] {"client-id":"95fe72b3-c89d-48a4-9f2a-bc7316c8d360","gpioa":0,"gpiob":0,"gpioc":32768,"gpiod":38936,"gpioe":5376,"modeltime":0,"type":"gpio"}
,[7.4.2021 | 15:16:12] {"client-id":"95fe72b3-c89d-48a4-9f2a-bc7316c8d360","gpioa":0,"gpiob":0,"gpioc":32768,"gpiod":38936,"gpioe":5376,"modeltime":0,"type":"gpio"}
,[7.4.2021 | 15:16:12] {"client-id":"95fe72b3-c89d-48a4-9f2a-bc7316c8d360","gpioa":0,"gpiob":0,"gpioc":32768,"gpiod":38936,"gpioe":5376,"modeltime":0,"type":"gpio"}
,[7.4.2021 | 15:16:13] {"client-id":"95fe72b3-c89d-48a4-9f2a-bc7316c8d360","gpioa":0,"gpiob":0,"gpioc":32768,"gpiod":38936,"gpioe":4352,"modeltime":0,"type":"gpio"}
,[7.4.2021 | 15:16:13] {"client-id":"95fe72b3-c89d-48a4-9f2a-bc7316c8d360","gpioa":0,"gpiob":0,"gpioc":32768,"gpiod":38936,"gpioe":4352,"modeltime":0,"type":"gpio"}
,[7.4.2021 | 15:16:13] {"client-id":"95fe72b3-c89d-48a4-9f2a-bc7316c8d360","gpioa":0,"gpiob":0,"gpioc":32768,"gpiod":38936,"gpioe":4352,"modeltime":0,"type":"gpio"}
,[7.4.2021 | 15:16:13] {"client-id":"95fe72b3-c89d-48a4-9f2a-bc7316c8d360","gpioa":0,"gpiob":0,"gpioc":32768,"gpiod":38936,"gpioe":4352,"modeltime":0,"type":"gpio"}
,[7.4.2021 | 15:16:13] {"client-id":"95fe72b3-c89d-48a4-9f2a-bc7316c8d360","gpioa":0,"gpiob":0,"gpioc":32768,"gpiod":38936,"gpioe":4352,"modeltime":0,"type":"gpio"}
,[7.4.2021 | 15:16:13] {"client-id":"95fe72b3-c89d-48a4-9f2a-bc7316c8d360","gpioa":0,"gpiob":0,"gpioc":32768,"gpiod":38936,"gpioe":4352,"modeltime":0,"type":"gpio"}
,[7.4.2021 | 15:16:13] {"client-id":"95fe72b3-c89d-48a4-9f2a-bc7316c8d360","gpioa":0,"gpiob":0,"gpioc":32768,"gpiod":38936,"gpioe":4352,"modeltime":0,"type":"gpio"}
,[7.4.2021 | 15:16:13] {"client-id":"95fe72b3-c89d-48a4-9f2a-bc7316c8d360","gpioa":0,"gpiob":0,"gpioc":32768,"gpiod":38936,"gpioe":4352,"modeltime":0,"type":"gpio"}
,[7.4.2021 | 15:16:13] {"client-id":"95fe72b3-c89d-48a4-9f2a-bc7316c8d360","gpioa":0,"gpiob":0,"gpioc":32768,"gpiod":38936,"gpioe":4352,"modeltime":0,"type":"gpio"}
,[7.4.2021 | 15:16:13] {"client-id":"95fe72b3-c89d-48a4-9f2a-bc7316c8d360","gpioa":0,"gpiob":0,"gpioc":32768,"gpiod":38936,"gpioe":4352,"modeltime":0,"type":"gpio"}
,[7.4.2021 | 15:16:14] {"client-id":"95fe72b3-c89d-48a4-9f2a-bc7316c8d360","gpioa":0,"gpiob":0,"gpioc":32768,"gpiod":38936,"gpioe":4352,"modeltime":0,"type":"gpio"}
,[7.4.2021 | 15:16:14] {"client-id":"95fe72b3-c89d-48a4-9f2a-bc7316c8d360","gpioa":0,"gpiob":0,"gpioc":32768,"gpiod":38936,"gpioe":4352,"modeltime":0,"type":"gpio"}
,[7.4.2021 | 15:16:14] {"client-id":"95fe72b3-c89d-48a4-9f2a-bc7316c8d360","gpioa":0,"gpiob":0,"gpioc":32768,"gpiod":38936,"gpioe":4352,"modeltime":0,"type":"gpio"}
,[7.4.2021 | 15:16:14] {"client-id":"95fe72b3-c89d-48a4-9f2a-bc7316c8d360","gpioa":0,"gpiob":0,"gpioc":32768,"gpiod":38936,"gpioe":4352,"modeltime":0,"type":"gpio"}
,[7.4.2021 | 15:16:14] {"client-id":"95fe72b3-c89d-48a4-9f2a-bc7316c8d360","gpioa":0,"gpiob":0,"gpioc":32768,"gpiod":38936,"gpioe":4352,"modeltime":0,"type":"gpio"}
,[7.4.2021 | 15:16:14] {"client-id":"95fe72b3-c89d-48a4-9f2a-bc7316c8d360","gpioa":0,"gpiob":0,"gpioc":0,"gpiod":38936,"gpioe":4352,"modeltime":0,"type":"gpio"}
,[7.4.2021 | 15:16:14] {"client-id":"95fe72b3-c89d-48a4-9f2a-bc7316c8d360","gpioa":0,"gpiob":0,"gpioc":0,"gpiod":38936,"gpioe":4352,"modeltime":0,"type":"gpio"}
,[7.4.2021 | 15:16:14] {"client-id":"95fe72b3-c89d-48a4-9f2a-bc7316c8d360","gpioa":0,"gpiob":0,"gpioc":0,"gpiod":38936,"gpioe":4352,"modeltime":0,"type":"gpio"}
,[7.4.2021 | 15:16:14] {"client-id":"95fe72b3-c89d-48a4-9f2a-bc7316c8d360","gpioa":0,"gpiob":0,"gpioc":0,"gpiod":38936,"gpioe":4352,"modeltime":0,"type":"gpio"}
,[7.4.2021 | 15:16:15] {"client-id":"95fe72b3-c89d-48a4-9f2a-bc7316c8d360","gpioa":0,"gpiob":0,"gpioc":0,"gpiod":38936,"gpioe":4352,"modeltime":0,"type":"gpio"}
,[7.4.2021 | 15:16:15] {"client-id":"95fe72b3-c89d-48a4-9f2a-bc7316c8d360","gpioa":0,"gpiob":0,"gpioc":32768,"gpiod":20992,"gpioe":4352,"modeltime":0,"type":"gpio"}
,[7.4.2021 | 15:16:15] {"client-id":"95fe72b3-c89d-48a4-9f2a-bc7316c8d360","gpioa":0,"gpiob":0,"gpioc":32768,"gpiod":20992,"gpioe":4352,"modeltime":0,"type":"gpio"}
,[7.4.2021 | 15:16:15] {"client-id":"95fe72b3-c89d-48a4-9f2a-bc7316c8d360","gpioa":0,"gpiob":0,"gpioc":32768,"gpiod":20992,"gpioe":4352,"modeltime":0,"type":"gpio"}
,[7.4.2021 | 15:16:15] {"client-id":"95fe72b3-c89d-48a4-9f2a-bc7316c8d360","gpioa":0,"gpiob":0,"gpioc":32768,"gpiod":20992,"gpioe":4352,"modeltime":0,"type":"gpio"}
,[7.4.2021 | 15:16:15] {"client-id":"95fe72b3-c89d-48a4-9f2a-bc7316c8d360","gpioa":0,"gpiob":0,"gpioc":32768,"gpiod":20992,"gpioe":4352,"modeltime":0,"type":"gpio"}
,[7.4.2021 | 15:16:15] {"client-id":"95fe72b3-c89d-48a4-9f2a-bc7316c8d360","gpioa":0,"gpiob":0,"gpioc":32768,"gpiod":20992,"gpioe":4352,"modeltime":0,"type":"gpio"}
,[7.4.2021 | 15:16:15] {"client-id":"95fe72b3-c89d-48a4-9f2a-bc7316c8d360","gpioa":0,"gpiob":0,"gpioc":32768,"gpiod":20992,"gpioe":4352,"modeltime":0,"type":"gpio"}
,[7.4.2021 | 15:16:15] {"client-id":"95fe72b3-c89d-48a4-9f2a-bc7316c8d360","gpioa":0,"gpiob":0,"gpioc":32768,"gpiod":20992,"gpioe":4352,"modeltime":0,"type":"gpio"}
,[7.4.2021 | 15:16:15] {"client-id":"95fe72b3-c89d-48a4-9f2a-bc7316c8d360","gpioa":0,"gpiob":0,"gpioc":32768,"gpiod":20992,"gpioe":4352,"modeltime":0,"type":"gpio"}
,[7.4.2021 | 15:16:15] {"client-id":"95fe72b3-c89d-48a4-9f2a-bc7316c8d360","gpioa":0,"gpiob":0,"gpioc":32768,"gpiod":20992,"gpioe":4352,"modeltime":0,"type":"gpio"}
,[7.4.2021 | 15:16:16] {"client-id":"95fe72b3-c89d-48a4-9f2a-bc7316c8d360","gpioa":0,"gpiob":0,"gpioc":32768,"gpiod":20992,"gpioe":4352,"modeltime":0,"type":"gpio"}
,[7.4.2021 | 15:16:16] {"client-id":"95fe72b3-c89d-48a4-9f2a-bc7316c8d360","gpioa":0,"gpiob":0,"gpioc":32768,"gpiod":20992,"gpioe":4352,"modeltime":0,"type":"gpio"}
,[7.4.2021 | 15:16:16] {"client-id":"95fe72b3-c89d-48a4-9f2a-bc7316c8d360","gpioa":0,"gpiob":0,"gpioc":32768,"gpiod":20992,"gpioe":4352,"modeltime":0,"type":"gpio"}
,[7.4.2021 | 15:16:16] {"client-id":"95fe72b3-c89d-48a4-9f2a-bc7316c8d360","gpioa":0,"gpiob":0,"gpioc":32768,"gpiod":20992,"gpioe":4352,"modeltime":0,"type":"gpio"}
,[7.4.2021 | 15:16:16] {"client-id":"95fe72b3-c89d-48a4-9f2a-bc7316c8d360","gpioa":0,"gpiob":0,"gpioc":32768,"gpiod":20992,"gpioe":4352,"modeltime":0,"type":"gpio"}
,[7.4.2021 | 15:16:16] {"client-id":"95fe72b3-c89d-48a4-9f2a-bc7316c8d360","gpioa":0,"gpiob":0,"gpioc":32768,"gpiod":20992,"gpioe":4352,"modeltime":0,"type":"gpio"}
,[7.4.2021 | 15:16:16] {"client-id":"95fe72b3-c89d-48a4-9f2a-bc7316c8d360","gpioa":0,"gpiob":0,"gpioc":32768,"gpiod":20992,"gpioe":4352,"modeltime":0,"type":"gpio"}
,[7.4.2021 | 15:16:16] {"client-id":"95fe72b3-c89d-48a4-9f2a-bc7316c8d360","gpioa":0,"gpiob":0,"gpioc":32768,"gpiod":20992,"gpioe":4352,"modeltime":0,"type":"gpio"}
,[7.4.2021 | 15:16:16] {"client-id":"95fe72b3-c89d-48a4-9f2a-bc7316c8d360","gpioa":0,"gpiob":0,"gpioc":32768,"gpiod":20992,"gpioe":4352,"modeltime":0,"type":"gpio"}
,[7.4.2021 | 15:16:16] {"client-id":"95fe72b3-c89d-48a4-9f2a-bc7316c8d360","gpioa":0,"gpiob":0,"gpioc":32768,"gpiod":20992,"gpioe":4352,"modeltime":0,"type":"gpio"}
,[7.4.2021 | 15:16:17] {"client-id":"95fe72b3-c89d-48a4-9f2a-bc7316c8d360","gpioa":0,"gpiob":0,"gpioc":32768,"gpiod":20992,"gpioe":4352,"modeltime":0,"type":"gpio"}
,[7.4.2021 | 15:16:17] {"client-id":"95fe72b3-c89d-48a4-9f2a-bc7316c8d360","gpioa":0,"gpiob":0,"gpioc":32768,"gpiod":20992,"gpioe":256,"modeltime":0,"type":"gpio"}
,[7.4.2021 | 15:16:17] {"client-id":"95fe72b3-c89d-48a4-9f2a-bc7316c8d360","gpioa":0,"gpiob":0,"gpioc":32768,"gpiod":20992,"gpioe":256,"modeltime":0,"type":"gpio"}
,[7.4.2021 | 15:16:17] {"client-id":"95fe72b3-c89d-48a4-9f2a-bc7316c8d360","gpioa":0,"gpiob":0,"gpioc":32768,"gpiod":20992,"gpioe":256,"modeltime":0,"type":"gpio"}
,[7.4.2021 | 15:16:17] {"client-id":"95fe72b3-c89d-48a4-9f2a-bc7316c8d360","gpioa":0,"gpiob":0,"gpioc":32768,"gpiod":20992,"gpioe":256,"modeltime":0,"type":"gpio"}
,[7.4.2021 | 15:16:17] {"client-id":"95fe72b3-c89d-48a4-9f2a-bc7316c8d360","gpioa":0,"gpiob":0,"gpioc":32768,"gpiod":16896,"gpioe":256,"modeltime":0,"type":"gpio"}
,[7.4.2021 | 15:16:17] {"client-id":"95fe72b3-c89d-48a4-9f2a-bc7316c8d360","gpioa":0,"gpiob":0,"gpioc":32768,"gpiod":16896,"gpioe":256,"modeltime":0,"type":"gpio"}
,[7.4.2021 | 15:16:17] {"client-id":"95fe72b3-c89d-48a4-9f2a-bc7316c8d360","gpioa":0,"gpiob":0,"gpioc":32768,"gpiod":16896,"gpioe":256,"modeltime":0,"type":"gpio"}
,[7.4.2021 | 15:16:17] {"client-id":"95fe72b3-c89d-48a4-9f2a-bc7316c8d360","gpioa":0,"gpiob":0,"gpioc":32768,"gpiod":16896,"gpioe":256,"modeltime":0,"type":"gpio"}
,[7.4.2021 | 15:16:17] {"client-id":"95fe72b3-c89d-48a4-9f2a-bc7316c8d360","gpioa":0,"gpiob":0,"gpioc":32768,"gpiod":16896,"gpioe":256,"modeltime":0,"type":"gpio"}
,[7.4.2021 | 15:16:18] {"client-id":"95fe72b3-c89d-48a4-9f2a-bc7316c8d360","gpioa":0,"gpiob":0,"gpioc":32768,"gpiod":16896,"gpioe":256,"modeltime":0,"type":"gpio"}
,[7.4.2021 | 15:16:18] {"client-id":"95fe72b3-c89d-48a4-9f2a-bc7316c8d360","gpioa":0,"gpiob":0,"gpioc":32768,"gpiod":16896,"gpioe":256,"modeltime":0,"type":"gpio"}
,[7.4.2021 | 15:16:18] {"client-id":"95fe72b3-c89d-48a4-9f2a-bc7316c8d360","gpioa":0,"gpiob":0,"gpioc":32768,"gpiod":16896,"gpioe":256,"modeltime":0,"type":"gpio"}
,[7.4.2021 | 15:16:18] {"client-id":"95fe72b3-c89d-48a4-9f2a-bc7316c8d360","gpioa":0,"gpiob":0,"gpioc":32768,"gpiod":16896,"gpioe":256,"modeltime":0,"type":"gpio"}
,[7.4.2021 | 15:16:18] {"client-id":"95fe72b3-c89d-48a4-9f2a-bc7316c8d360","gpioa":0,"gpiob":0,"gpioc":32768,"gpiod":16896,"gpioe":256,"modeltime":0,"type":"gpio"}
,[7.4.2021 | 15:16:18] {"client-id":"95fe72b3-c89d-48a4-9f2a-bc7316c8d360","gpioa":0,"gpiob":0,"gpioc":32768,"gpiod":16896,"gpioe":256,"modeltime":0,"type":"gpio"}
,[7.4.2021 | 15:16:18] {"client-id":"95fe72b3-c89d-48a4-9f2a-bc7316c8d360","gpioa":0,"gpiob":0,"gpioc":0,"gpiod":16896,"gpioe":256,"modeltime":0,"type":"gpio"}
,[7.4.2021 | 15:16:18] {"client-id":"95fe72b3-c89d-48a4-9f2a-bc7316c8d360","gpioa":0,"gpiob":0,"gpioc":0,"gpiod":16896,"gpioe":256,"modeltime":0,"type":"gpio"}
,[7.4.2021 | 15:16:18] {"client-id":"95fe72b3-c89d-48a4-9f2a-bc7316c8d360","gpioa":0,"gpiob":0,"gpioc":0,"gpiod":16896,"gpioe":256,"modeltime":0,"type":"gpio"}
,[7.4.2021 | 15:16:19] {"client-id":"95fe72b3-c89d-48a4-9f2a-bc7316c8d360","gpioa":0,"gpiob":0,"gpioc":0,"gpiod":16896,"gpioe":256,"modeltime":0,"type":"gpio"}
,[7.4.2021 | 15:16:19] {"client-id":"95fe72b3-c89d-48a4-9f2a-bc7316c8d360","gpioa":0,"gpiob":0,"gpioc":0,"gpiod":16896,"gpioe":256,"modeltime":0,"type":"gpio"}
,[7.4.2021 | 15:16:19] {"client-id":"95fe72b3-c89d-48a4-9f2a-bc7316c8d360","gpioa":0,"gpiob":0,"gpioc":32768,"gpiod":16896,"gpioe":256,"modeltime":0,"type":"gpio"}
,[7.4.2021 | 15:16:19] {"client-id":"95fe72b3-c89d-48a4-9f2a-bc7316c8d360","gpioa":0,"gpiob":0,"gpioc":32768,"gpiod":16896,"gpioe":256,"modeltime":0,"type":"gpio"}
,[7.4.2021 | 15:16:19] {"client-id":"95fe72b3-c89d-48a4-9f2a-bc7316c8d360","gpioa":0,"gpiob":0,"gpioc":32768,"gpiod":16896,"gpioe":256,"modeltime":0,"type":"gpio"}
,[7.4.2021 | 15:16:19] {"client-id":"95fe72b3-c89d-48a4-9f2a-bc7316c8d360","gpioa":0,"gpiob":0,"gpioc":32768,"gpiod":16896,"gpioe":256,"modeltime":0,"type":"gpio"}
,[7.4.2021 | 15:16:19] {"client-id":"95fe72b3-c89d-48a4-9f2a-bc7316c8d360","gpioa":0,"gpiob":0,"gpioc":32768,"gpiod":16896,"gpioe":256,"modeltime":0,"type":"gpio"}
,[7.4.2021 | 15:16:19] {"client-id":"95fe72b3-c89d-48a4-9f2a-bc7316c8d360","gpioa":0,"gpiob":0,"gpioc":32768,"gpiod":16896,"gpioe":256,"modeltime":0,"type":"gpio"}
,[7.4.2021 | 15:16:19] {"client-id":"95fe72b3-c89d-48a4-9f2a-bc7316c8d360","gpioa":0,"gpiob":0,"gpioc":32768,"gpiod":16896,"gpioe":256,"modeltime":0,"type":"gpio"}
,[7.4.2021 | 15:16:19] {"client-id":"95fe72b3-c89d-48a4-9f2a-bc7316c8d360","gpioa":0,"gpiob":0,"gpioc":0,"gpiod":16896,"gpioe":256,"modeltime":0,"type":"gpio"}
,[7.4.2021 | 15:16:20] {"client-id":"95fe72b3-c89d-48a4-9f2a-bc7316c8d360","gpioa":0,"gpiob":0,"gpioc":0,"gpiod":16896,"gpioe":256,"modeltime":0,"type":"gpio"}
,[7.4.2021 | 15:16:20] {"client-id":"95fe72b3-c89d-48a4-9f2a-bc7316c8d360","gpioa":0,"gpiob":0,"gpioc":0,"gpiod":16896,"gpioe":256,"modeltime":0,"type":"gpio"}
,[7.4.2021 | 15:16:20] {"client-id":"95fe72b3-c89d-48a4-9f2a-bc7316c8d360","gpioa":0,"gpiob":0,"gpioc":0,"gpiod":16896,"gpioe":256,"modeltime":0,"type":"gpio"}
,[7.4.2021 | 15:16:20] {"client-id":"95fe72b3-c89d-48a4-9f2a-bc7316c8d360","gpioa":0,"gpiob":0,"gpioc":0,"gpiod":16896,"gpioe":256,"modeltime":0,"type":"gpio"}
,[7.4.2021 | 15:16:20] {"client-id":"95fe72b3-c89d-48a4-9f2a-bc7316c8d360","gpioa":0,"gpiob":0,"gpioc":32768,"gpiod":16896,"gpioe":256,"modeltime":0,"type":"gpio"}
,[7.4.2021 | 15:16:20] {"client-id":"95fe72b3-c89d-48a4-9f2a-bc7316c8d360","gpioa":0,"gpiob":0,"gpioc":32768,"gpiod":16896,"gpioe":256,"modeltime":0,"type":"gpio"}
,[7.4.2021 | 15:16:20] {"client-id":"95fe72b3-c89d-48a4-9f2a-bc7316c8d360","gpioa":0,"gpiob":0,"gpioc":32768,"gpiod":16896,"gpioe":256,"modeltime":0,"type":"gpio"}
,[7.4.2021 | 15:16:20] {"client-id":"95fe72b3-c89d-48a4-9f2a-bc7316c8d360","gpioa":0,"gpiob":0,"gpioc":32768,"gpiod":16896,"gpioe":256,"modeltime":0,"type":"gpio"}
,[7.4.2021 | 15:16:21] {"client-id":"95fe72b3-c89d-48a4-9f2a-bc7316c8d360","gpioa":0,"gpiob":0,"gpioc":0,"gpiod":16896,"gpioe":256,"modeltime":0,"type":"gpio"}
,[7.4.2021 | 15:16:21] {"client-id":"95fe72b3-c89d-48a4-9f2a-bc7316c8d360","gpioa":0,"gpiob":0,"gpioc":0,"gpiod":16896,"gpioe":256,"modeltime":0,"type":"gpio"}
,[7.4.2021 | 15:16:21] {"client-id":"95fe72b3-c89d-48a4-9f2a-bc7316c8d360","gpioa":0,"gpiob":0,"gpioc":0,"gpiod":16896,"gpioe":256,"modeltime":0,"type":"gpio"}
,[7.4.2021 | 15:16:21] {"client-id":"95fe72b3-c89d-48a4-9f2a-bc7316c8d360","gpioa":0,"gpiob":0,"gpioc":0,"gpiod":16896,"gpioe":256,"modeltime":0,"type":"gpio"}
,[7.4.2021 | 15:16:21] {"client-id":"95fe72b3-c89d-48a4-9f2a-bc7316c8d360","gpioa":0,"gpiob":0,"gpioc":0,"gpiod":16896,"gpioe":256,"modeltime":0,"type":"gpio"}
,[7.4.2021 | 15:16:21] {"client-id":"95fe72b3-c89d-48a4-9f2a-bc7316c8d360","gpioa":0,"gpiob":0,"gpioc":32768,"gpiod":16896,"gpioe":256,"modeltime":0,"type":"gpio"}
,[7.4.2021 | 15:16:21] {"client-id":"95fe72b3-c89d-48a4-9f2a-bc7316c8d360","gpioa":0,"gpiob":0,"gpioc":32768,"gpiod":16896,"gpioe":256,"modeltime":0,"type":"gpio"}
,[7.4.2021 | 15:16:21] {"client-id":"95fe72b3-c89d-48a4-9f2a-bc7316c8d360","gpioa":0,"gpiob":0,"gpioc":32768,"gpiod":16896,"gpioe":256,"modeltime":0,"type":"gpio"}
,[7.4.2021 | 15:16:21] {"client-id":"95fe72b3-c89d-48a4-9f2a-bc7316c8d360","gpioa":0,"gpiob":0,"gpioc":32768,"gpiod":16896,"gpioe":256,"modeltime":0,"type":"gpio"}
,[7.4.2021 | 15:16:21] {"client-id":"95fe72b3-c89d-48a4-9f2a-bc7316c8d360","gpioa":0,"gpiob":0,"gpioc":32768,"gpiod":16896,"gpioe":256,"modeltime":0,"type":"gpio"}
,[7.4.2021 | 15:16:21] {"client-id":"95fe72b3-c89d-48a4-9f2a-bc7316c8d360","gpioa":0,"gpiob":0,"gpioc":32768,"gpiod":16896,"gpioe":256,"modeltime":0,"type":"gpio"}
,[7.4.2021 | 15:16:22] {"client-id":"95fe72b3-c89d-48a4-9f2a-bc7316c8d360","gpioa":0,"gpiob":0,"gpioc":32768,"gpiod":16896,"gpioe":256,"modeltime":0,"type":"gpio"}
,[7.4.2021 | 15:16:22] {"client-id":"95fe72b3-c89d-48a4-9f2a-bc7316c8d360","gpioa":0,"gpiob":0,"gpioc":32768,"gpiod":16896,"gpioe":256,"modeltime":0,"type":"gpio"}
,[7.4.2021 | 15:16:22] {"client-id":"95fe72b3-c89d-48a4-9f2a-bc7316c8d360","gpioa":0,"gpiob":0,"gpioc":32768,"gpiod":16896,"gpioe":256,"modeltime":0,"type":"gpio"}
,[7.4.2021 | 15:16:22] {"client-id":"95fe72b3-c89d-48a4-9f2a-bc7316c8d360","gpioa":0,"gpiob":0,"gpioc":32768,"gpiod":16896,"gpioe":256,"modeltime":0,"type":"gpio"}
,[7.4.2021 | 15:16:22] {"client-id":"95fe72b3-c89d-48a4-9f2a-bc7316c8d360","gpioa":0,"gpiob":0,"gpioc":32768,"gpiod":16896,"gpioe":256,"modeltime":0,"type":"gpio"}
,[7.4.2021 | 15:16:22] {"client-id":"95fe72b3-c89d-48a4-9f2a-bc7316c8d360","gpioa":0,"gpiob":0,"gpioc":32768,"gpiod":16896,"gpioe":256,"modeltime":0,"type":"gpio"}
,[7.4.2021 | 15:16:22] {"client-id":"95fe72b3-c89d-48a4-9f2a-bc7316c8d360","gpioa":0,"gpiob":0,"gpioc":32768,"gpiod":16896,"gpioe":256,"modeltime":0,"type":"gpio"}
,[7.4.2021 | 15:16:22] {"client-id":"95fe72b3-c89d-48a4-9f2a-bc7316c8d360","gpioa":0,"gpiob":0,"gpioc":32768,"gpiod":16896,"gpioe":0,"modeltime":0,"type":"gpio"}
,[7.4.2021 | 15:16:22] {"client-id":"95fe72b3-c89d-48a4-9f2a-bc7316c8d360","gpioa":0,"gpiob":0,"gpioc":32768,"gpiod":16896,"gpioe":0,"modeltime":0,"type":"gpio"}
,[7.4.2021 | 15:16:22] {"client-id":"95fe72b3-c89d-48a4-9f2a-bc7316c8d360","gpioa":0,"gpiob":0,"gpioc":32768,"gpiod":16896,"gpioe":0,"modeltime":0,"type":"gpio"}
,[7.4.2021 | 15:16:23] {"client-id":"95fe72b3-c89d-48a4-9f2a-bc7316c8d360","gpioa":0,"gpiob":0,"gpioc":32768,"gpiod":16896,"gpioe":0,"modeltime":0,"type":"gpio"}
,[7.4.2021 | 15:16:23] {"client-id":"95fe72b3-c89d-48a4-9f2a-bc7316c8d360","gpioa":0,"gpiob":0,"gpioc":32768,"gpiod":16896,"gpioe":0,"modeltime":0,"type":"gpio"}
,[7.4.2021 | 15:16:23] {"client-id":"95fe72b3-c89d-48a4-9f2a-bc7316c8d360","gpioa":0,"gpiob":0,"gpioc":32768,"gpiod":16384,"gpioe":0,"modeltime":0,"type":"gpio"}
,[7.4.2021 | 15:16:23] {"client-id":"95fe72b3-c89d-48a4-9f2a-bc7316c8d360","gpioa":0,"gpiob":0,"gpioc":32768,"gpiod":16384,"gpioe":0,"modeltime":0,"type":"gpio"}
,[7.4.2021 | 15:16:23] {"client-id":"95fe72b3-c89d-48a4-9f2a-bc7316c8d360","gpioa":0,"gpiob":0,"gpioc":32768,"gpiod":16384,"gpioe":0,"modeltime":0,"type":"gpio"}
,[7.4.2021 | 15:16:23] {"client-id":"95fe72b3-c89d-48a4-9f2a-bc7316c8d360","gpioa":0,"gpiob":0,"gpioc":32768,"gpiod":16384,"gpioe":0,"modeltime":0,"type":"gpio"}
,[7.4.2021 | 15:16:23] {"client-id":"95fe72b3-c89d-48a4-9f2a-bc7316c8d360","gpioa":0,"gpiob":0,"gpioc":32768,"gpiod":16384,"gpioe":0,"modeltime":0,"type":"gpio"}
,[7.4.2021 | 15:16:23] {"client-id":"95fe72b3-c89d-48a4-9f2a-bc7316c8d360","gpioa":0,"gpiob":0,"gpioc":32768,"gpiod":16384,"gpioe":0,"modeltime":0,"type":"gpio"}
,[7.4.2021 | 15:16:23] {"client-id":"95fe72b3-c89d-48a4-9f2a-bc7316c8d360","gpioa":0,"gpiob":0,"gpioc":32768,"gpiod":16384,"gpioe":0,"modeltime":0,"type":"gpio"}
,[7.4.2021 | 15:16:23] {"client-id":"95fe72b3-c89d-48a4-9f2a-bc7316c8d360","gpioa":0,"gpiob":0,"gpioc":32768,"gpiod":16384,"gpioe":0,"modeltime":0,"type":"gpio"}
,[7.4.2021 | 15:16:24] {"client-id":"95fe72b3-c89d-48a4-9f2a-bc7316c8d360","gpioa":0,"gpiob":0,"gpioc":32768,"gpiod":16384,"gpioe":0,"modeltime":0,"type":"gpio"}
,[7.4.2021 | 15:16:24] {"client-id":"95fe72b3-c89d-48a4-9f2a-bc7316c8d360","gpioa":0,"gpiob":0,"gpioc":32768,"gpiod":16384,"gpioe":0,"modeltime":0,"type":"gpio"}
,[7.4.2021 | 15:16:24] {"client-id":"95fe72b3-c89d-48a4-9f2a-bc7316c8d360","gpioa":0,"gpiob":0,"gpioc":32768,"gpiod":16384,"gpioe":0,"modeltime":0,"type":"gpio"}
,[7.4.2021 | 15:16:24] {"client-id":"95fe72b3-c89d-48a4-9f2a-bc7316c8d360","gpioa":0,"gpiob":0,"gpioc":32768,"gpiod":16384,"gpioe":0,"modeltime":0,"type":"gpio"}
,[7.4.2021 | 15:16:24] {"client-id":"95fe72b3-c89d-48a4-9f2a-bc7316c8d360","gpioa":0,"gpiob":0,"gpioc":32768,"gpiod":16384,"gpioe":0,"modeltime":0,"type":"gpio"}
,[7.4.2021 | 15:16:24] {"client-id":"95fe72b3-c89d-48a4-9f2a-bc7316c8d360","gpioa":0,"gpiob":0,"gpioc":32768,"gpiod":16384,"gpioe":0,"modeltime":0,"type":"gpio"}
,[7.4.2021 | 15:16:24] {"client-id":"95fe72b3-c89d-48a4-9f2a-bc7316c8d360","gpioa":0,"gpiob":0,"gpioc":32768,"gpiod":16384,"gpioe":0,"modeltime":0,"type":"gpio"}
,[7.4.2021 | 15:16:24] {"client-id":"95fe72b3-c89d-48a4-9f2a-bc7316c8d360","gpioa":0,"gpiob":0,"gpioc":32768,"gpiod":16384,"gpioe":0,"modeltime":0,"type":"gpio"}
,[7.4.2021 | 15:16:24] {"client-id":"95fe72b3-c89d-48a4-9f2a-bc7316c8d360","gpioa":0,"gpiob":0,"gpioc":32768,"gpiod":16384,"gpioe":0,"modeltime":0,"type":"gpio"}
,[7.4.2021 | 15:16:24] {"client-id":"95fe72b3-c89d-48a4-9f2a-bc7316c8d360","gpioa":0,"gpiob":0,"gpioc":32768,"gpiod":16384,"gpioe":0,"modeltime":0,"type":"gpio"}
,[7.4.2021 | 15:16:25] {"client-id":"95fe72b3-c89d-48a4-9f2a-bc7316c8d360","gpioa":0,"gpiob":0,"gpioc":32768,"gpiod":16384,"gpioe":0,"modeltime":0,"type":"gpio"}
,[7.4.2021 | 15:16:25] {"type":"cmd","data":"stop"}
,[7.4.2021 | 15:16:25] {"client-id":"95fe72b3-c89d-48a4-9f2a-bc7316c8d360","gpioa":0,"gpiob":0,"gpioc":32768,"gpiod":16384,"gpioe":0,"modeltime":0,"type":"gpio"}
